--------------- Clean Started: 09/19/2016 14:28:18 Project: BLE_HID_Mouse, Configuration: ARM GCC 4.9-2015-q1-update Debug ---------------
Deleting file ".\CortexM0\ARM_GCC_493\Debug\main.o"
Deleting file ".\CortexM0\ARM_GCC_493\Debug\bas.o"
Deleting file ".\CortexM0\ARM_GCC_493\Debug\debug.o"
Deleting file ".\CortexM0\ARM_GCC_493\Debug\hids.o"
Deleting file ".\CortexM0\ARM_GCC_493\Debug\scps.o"
Deleting file ".\CortexM0\ARM_GCC_493\Debug\cyfitter_cfg.o"
Deleting file ".\CortexM0\ARM_GCC_493\Debug\cymetadata.o"
Deleting file ".\CortexM0\ARM_GCC_493\Debug\BLE_bas.o"
Deleting file ".\CortexM0\ARM_GCC_493\Debug\BLE.o"
Deleting file ".\CortexM0\ARM_GCC_493\Debug\BLE_gatt.o"
Deleting file ".\CortexM0\ARM_GCC_493\Debug\BLE_eventHandler.o"
Deleting file ".\CortexM0\ARM_GCC_493\Debug\BLE_hids.o"
Deleting file ".\CortexM0\ARM_GCC_493\Debug\BLE_HAL_INT.o"
Deleting file ".\CortexM0\ARM_GCC_493\Debug\BLE_HAL_PVT.o"
Deleting file ".\CortexM0\ARM_GCC_493\Debug\BLE_scps.o"
Deleting file ".\CortexM0\ARM_GCC_493\Debug\BLE_dis.o"
Deleting file ".\CortexM0\ARM_GCC_493\Debug\UART_DEB.o"
Deleting file ".\CortexM0\ARM_GCC_493\Debug\UART_DEB_SPI_UART.o"
Deleting file ".\CortexM0\ARM_GCC_493\Debug\UART_DEB_SPI_UART_INT.o"
Deleting file ".\CortexM0\ARM_GCC_493\Debug\UART_DEB_PM.o"
Deleting file ".\CortexM0\ARM_GCC_493\Debug\UART_DEB_UART.o"
Deleting file ".\CortexM0\ARM_GCC_493\Debug\UART_DEB_BOOT.o"
Deleting file ".\CortexM0\ARM_GCC_493\Debug\UART_DEB_UART_BOOT.o"
Deleting file ".\CortexM0\ARM_GCC_493\Debug\Advertising_LED.o"
Deleting file ".\CortexM0\ARM_GCC_493\Debug\Advertising_LED_PM.o"
Deleting file ".\CortexM0\ARM_GCC_493\Debug\Simulation_LED.o"
Deleting file ".\CortexM0\ARM_GCC_493\Debug\Simulation_LED_PM.o"
Deleting file ".\CortexM0\ARM_GCC_493\Debug\SW2.o"
Deleting file ".\CortexM0\ARM_GCC_493\Debug\SW2_PM.o"
Deleting file ".\CortexM0\ARM_GCC_493\Debug\Disconnect_LED.o"
Deleting file ".\CortexM0\ARM_GCC_493\Debug\Disconnect_LED_PM.o"
Deleting file ".\CortexM0\ARM_GCC_493\Debug\Wakeup_Interrupt.o"
Deleting file ".\CortexM0\ARM_GCC_493\Debug\WDT_Interrupt.o"
Deleting file ".\CortexM0\ARM_GCC_493\Debug\ADC.o"
Deleting file ".\CortexM0\ARM_GCC_493\Debug\ADC_PM.o"
Deleting file ".\CortexM0\ARM_GCC_493\Debug\ADC_INT.o"
Deleting file ".\CortexM0\ARM_GCC_493\Debug\Vref.o"
Deleting file ".\CortexM0\ARM_GCC_493\Debug\Vref_PM.o"
Deleting file ".\CortexM0\ARM_GCC_493\Debug\BLE_bless_isr.o"
Deleting file ".\CortexM0\ARM_GCC_493\Debug\UART_DEB_SCBCLK.o"
Deleting file ".\CortexM0\ARM_GCC_493\Debug\UART_DEB_tx.o"
Deleting file ".\CortexM0\ARM_GCC_493\Debug\UART_DEB_tx_PM.o"
Deleting file ".\CortexM0\ARM_GCC_493\Debug\UART_DEB_rx.o"
Deleting file ".\CortexM0\ARM_GCC_493\Debug\UART_DEB_rx_PM.o"
Deleting file ".\CortexM0\ARM_GCC_493\Debug\ADC_IRQ.o"
Deleting file ".\CortexM0\ARM_GCC_493\Debug\ADC_intClock.o"
Deleting file ".\CortexM0\ARM_GCC_493\Debug\Cm0Start.o"
Deleting file ".\CortexM0\ARM_GCC_493\Debug\CyBootAsmGnu.o"
Deleting file ".\CortexM0\ARM_GCC_493\Debug\CyFlash.o"
Deleting file ".\CortexM0\ARM_GCC_493\Debug\CyLib.o"
Deleting file ".\CortexM0\ARM_GCC_493\Debug\cyPm.o"
Deleting file ".\CortexM0\ARM_GCC_493\Debug\cyutils.o"
Deleting file ".\CortexM0\ARM_GCC_493\Debug\CyLFClk.o"
Deleting file ".\CortexM0\ARM_GCC_493\Debug\BLE_HID_Mouse.hex"
Deleting file ".\CortexM0\ARM_GCC_493\Debug\BLE_HID_Mouse.elf"
Deleting file ".\CortexM0\ARM_GCC_493\Debug\BLE_HID_Mouse.map"
Deleting file ".\BLE_HID_Mouse.cycdx"
Deleting file ".\BLE_HID_Mouse.svd"
Deleting file ".\BLE_HID_Mouse.rpt"
Deleting file ".\BLE_HID_Mouse_timing.html"
Deleting file ".\CortexM0\ARM_GCC_493\Debug\.deps\C_FILE.P"
Deleting file ".\CortexM0\ARM_GCC_493\Debug\.deps\ARM_C_FILE.P"
Deleting file ".\CortexM0\ARM_GCC_493\Debug\.deps\GNU_ARM_ASM_FILE.P"
--------------- Clean Succeeded: 09/19/2016 14:28:18 ---------------
