ARM GAS  C:\Users\Herry\AppData\Local\Temp\ccoeVbeh.s 			page 1


   1              		.cpu cortex-m0
   2              		.fpu softvfp
   3              		.eabi_attribute 20, 1
   4              		.eabi_attribute 21, 1
   5              		.eabi_attribute 23, 3
   6              		.eabi_attribute 24, 1
   7              		.eabi_attribute 25, 1
   8              		.eabi_attribute 26, 1
   9              		.eabi_attribute 30, 6
  10              		.eabi_attribute 34, 0
  11              		.eabi_attribute 18, 4
  12              		.code	16
  13              		.file	"cyfitter_cfg.c"
  14              		.text
  15              	.Ltext0:
  16              		.cfi_sections	.debug_frame
  17              		.section	.text.CYMEMZERO,"ax",%progbits
  18              		.align	2
  19              		.code	16
  20              		.thumb_func
  21              		.type	CYMEMZERO, %function
  22              	CYMEMZERO:
  23              	.LFB2:
  24              		.file 1 ".\\Generated_Source\\PSoC4\\cyfitter_cfg.c"
   1:.\Generated_Source\PSoC4/cyfitter_cfg.c **** /*******************************************************************************
   2:.\Generated_Source\PSoC4/cyfitter_cfg.c **** * File Name: cyfitter_cfg.c
   3:.\Generated_Source\PSoC4/cyfitter_cfg.c **** * 
   4:.\Generated_Source\PSoC4/cyfitter_cfg.c **** * PSoC Creator  3.3 CP3
   5:.\Generated_Source\PSoC4/cyfitter_cfg.c **** *
   6:.\Generated_Source\PSoC4/cyfitter_cfg.c **** * Description:
   7:.\Generated_Source\PSoC4/cyfitter_cfg.c **** * This file contains device initialization code.
   8:.\Generated_Source\PSoC4/cyfitter_cfg.c **** * Except for the user defined sections in CyClockStartupError(), this file should not be modified.
   9:.\Generated_Source\PSoC4/cyfitter_cfg.c **** * This file is automatically generated by PSoC Creator.
  10:.\Generated_Source\PSoC4/cyfitter_cfg.c **** *
  11:.\Generated_Source\PSoC4/cyfitter_cfg.c **** ********************************************************************************
  12:.\Generated_Source\PSoC4/cyfitter_cfg.c **** * Copyright (c) 2007-2016 Cypress Semiconductor.  All rights reserved.
  13:.\Generated_Source\PSoC4/cyfitter_cfg.c **** * You may use this file only in accordance with the license, terms, conditions, 
  14:.\Generated_Source\PSoC4/cyfitter_cfg.c **** * disclaimers, and limitations in the end user license agreement accompanying 
  15:.\Generated_Source\PSoC4/cyfitter_cfg.c **** * the software package with which this file was provided.
  16:.\Generated_Source\PSoC4/cyfitter_cfg.c **** ********************************************************************************/
  17:.\Generated_Source\PSoC4/cyfitter_cfg.c **** 
  18:.\Generated_Source\PSoC4/cyfitter_cfg.c **** #include <string.h>
  19:.\Generated_Source\PSoC4/cyfitter_cfg.c **** #include "cytypes.h"
  20:.\Generated_Source\PSoC4/cyfitter_cfg.c **** #include "cydevice_trm.h"
  21:.\Generated_Source\PSoC4/cyfitter_cfg.c **** #include "cyfitter.h"
  22:.\Generated_Source\PSoC4/cyfitter_cfg.c **** #include "CyLib.h"
  23:.\Generated_Source\PSoC4/cyfitter_cfg.c **** #include "cyfitter_cfg.h"
  24:.\Generated_Source\PSoC4/cyfitter_cfg.c **** 
  25:.\Generated_Source\PSoC4/cyfitter_cfg.c **** 
  26:.\Generated_Source\PSoC4/cyfitter_cfg.c **** #if defined(__GNUC__) || defined(__ARMCC_VERSION)
  27:.\Generated_Source\PSoC4/cyfitter_cfg.c ****     #define CYPACKED 
  28:.\Generated_Source\PSoC4/cyfitter_cfg.c ****     #define CYPACKED_ATTR __attribute__ ((packed))
  29:.\Generated_Source\PSoC4/cyfitter_cfg.c ****     #define CYALIGNED __attribute__ ((aligned))
  30:.\Generated_Source\PSoC4/cyfitter_cfg.c ****     #define CY_CFG_UNUSED __attribute__ ((unused))
  31:.\Generated_Source\PSoC4/cyfitter_cfg.c ****     #ifndef CY_CFG_SECTION
  32:.\Generated_Source\PSoC4/cyfitter_cfg.c ****         #define CY_CFG_SECTION __attribute__ ((section(".psocinit")))
  33:.\Generated_Source\PSoC4/cyfitter_cfg.c ****     #endif
ARM GAS  C:\Users\Herry\AppData\Local\Temp\ccoeVbeh.s 			page 2


  34:.\Generated_Source\PSoC4/cyfitter_cfg.c ****     
  35:.\Generated_Source\PSoC4/cyfitter_cfg.c ****     #if defined(__ARMCC_VERSION)
  36:.\Generated_Source\PSoC4/cyfitter_cfg.c ****         #define CY_CFG_MEMORY_BARRIER() __memory_changed()
  37:.\Generated_Source\PSoC4/cyfitter_cfg.c ****     #else
  38:.\Generated_Source\PSoC4/cyfitter_cfg.c ****         #define CY_CFG_MEMORY_BARRIER() __sync_synchronize()
  39:.\Generated_Source\PSoC4/cyfitter_cfg.c ****     #endif
  40:.\Generated_Source\PSoC4/cyfitter_cfg.c ****     
  41:.\Generated_Source\PSoC4/cyfitter_cfg.c **** #elif defined(__ICCARM__)
  42:.\Generated_Source\PSoC4/cyfitter_cfg.c ****     #include <intrinsics.h>
  43:.\Generated_Source\PSoC4/cyfitter_cfg.c **** 
  44:.\Generated_Source\PSoC4/cyfitter_cfg.c ****     #define CYPACKED __packed
  45:.\Generated_Source\PSoC4/cyfitter_cfg.c ****     #define CYPACKED_ATTR 
  46:.\Generated_Source\PSoC4/cyfitter_cfg.c ****     #define CYALIGNED _Pragma("data_alignment=4")
  47:.\Generated_Source\PSoC4/cyfitter_cfg.c ****     #define CY_CFG_UNUSED _Pragma("diag_suppress=Pe177")
  48:.\Generated_Source\PSoC4/cyfitter_cfg.c ****     #define CY_CFG_SECTION _Pragma("location=\".psocinit\"")
  49:.\Generated_Source\PSoC4/cyfitter_cfg.c ****     
  50:.\Generated_Source\PSoC4/cyfitter_cfg.c ****     #define CY_CFG_MEMORY_BARRIER() __DMB()
  51:.\Generated_Source\PSoC4/cyfitter_cfg.c ****     
  52:.\Generated_Source\PSoC4/cyfitter_cfg.c **** #else
  53:.\Generated_Source\PSoC4/cyfitter_cfg.c ****     #error Unsupported toolchain
  54:.\Generated_Source\PSoC4/cyfitter_cfg.c **** #endif
  55:.\Generated_Source\PSoC4/cyfitter_cfg.c **** 
  56:.\Generated_Source\PSoC4/cyfitter_cfg.c **** 
  57:.\Generated_Source\PSoC4/cyfitter_cfg.c **** CY_CFG_UNUSED
  58:.\Generated_Source\PSoC4/cyfitter_cfg.c **** static void CYMEMZERO(void *s, size_t n);
  59:.\Generated_Source\PSoC4/cyfitter_cfg.c **** CY_CFG_UNUSED
  60:.\Generated_Source\PSoC4/cyfitter_cfg.c **** static void CYMEMZERO(void *s, size_t n)
  61:.\Generated_Source\PSoC4/cyfitter_cfg.c **** {
  25              		.loc 1 61 0
  26              		.cfi_startproc
  27 0000 80B5     		push	{r7, lr}
  28              		.cfi_def_cfa_offset 8
  29              		.cfi_offset 7, -8
  30              		.cfi_offset 14, -4
  31 0002 82B0     		sub	sp, sp, #8
  32              		.cfi_def_cfa_offset 16
  33 0004 00AF     		add	r7, sp, #0
  34              		.cfi_def_cfa_register 7
  35 0006 7860     		str	r0, [r7, #4]
  36 0008 3960     		str	r1, [r7]
  62:.\Generated_Source\PSoC4/cyfitter_cfg.c **** 	(void)memset(s, 0, n);
  37              		.loc 1 62 0
  38 000a 7A68     		ldr	r2, [r7, #4]
  39 000c 3B68     		ldr	r3, [r7]
  40 000e 101C     		mov	r0, r2
  41 0010 0021     		mov	r1, #0
  42 0012 1A1C     		mov	r2, r3
  43 0014 FFF7FEFF 		bl	memset
  63:.\Generated_Source\PSoC4/cyfitter_cfg.c **** }
  44              		.loc 1 63 0
  45 0018 BD46     		mov	sp, r7
  46 001a 02B0     		add	sp, sp, #8
  47              		@ sp needed
  48 001c 80BD     		pop	{r7, pc}
  49              		.cfi_endproc
  50              	.LFE2:
  51              		.size	CYMEMZERO, .-CYMEMZERO
ARM GAS  C:\Users\Herry\AppData\Local\Temp\ccoeVbeh.s 			page 3


  52 001e C046     		.section	.text.CYCONFIGCPY,"ax",%progbits
  53              		.align	2
  54              		.code	16
  55              		.thumb_func
  56              		.type	CYCONFIGCPY, %function
  57              	CYCONFIGCPY:
  58              	.LFB3:
  64:.\Generated_Source\PSoC4/cyfitter_cfg.c **** CY_CFG_UNUSED
  65:.\Generated_Source\PSoC4/cyfitter_cfg.c **** static void CYCONFIGCPY(void *dest, const void *src, size_t n);
  66:.\Generated_Source\PSoC4/cyfitter_cfg.c **** CY_CFG_UNUSED
  67:.\Generated_Source\PSoC4/cyfitter_cfg.c **** static void CYCONFIGCPY(void *dest, const void *src, size_t n)
  68:.\Generated_Source\PSoC4/cyfitter_cfg.c **** {
  59              		.loc 1 68 0
  60              		.cfi_startproc
  61 0000 80B5     		push	{r7, lr}
  62              		.cfi_def_cfa_offset 8
  63              		.cfi_offset 7, -8
  64              		.cfi_offset 14, -4
  65 0002 84B0     		sub	sp, sp, #16
  66              		.cfi_def_cfa_offset 24
  67 0004 00AF     		add	r7, sp, #0
  68              		.cfi_def_cfa_register 7
  69 0006 F860     		str	r0, [r7, #12]
  70 0008 B960     		str	r1, [r7, #8]
  71 000a 7A60     		str	r2, [r7, #4]
  69:.\Generated_Source\PSoC4/cyfitter_cfg.c **** 	(void)memcpy(dest, src, n);
  72              		.loc 1 69 0
  73 000c F968     		ldr	r1, [r7, #12]
  74 000e BA68     		ldr	r2, [r7, #8]
  75 0010 7B68     		ldr	r3, [r7, #4]
  76 0012 081C     		mov	r0, r1
  77 0014 111C     		mov	r1, r2
  78 0016 1A1C     		mov	r2, r3
  79 0018 FFF7FEFF 		bl	memcpy
  70:.\Generated_Source\PSoC4/cyfitter_cfg.c **** }
  80              		.loc 1 70 0
  81 001c BD46     		mov	sp, r7
  82 001e 04B0     		add	sp, sp, #16
  83              		@ sp needed
  84 0020 80BD     		pop	{r7, pc}
  85              		.cfi_endproc
  86              	.LFE3:
  87              		.size	CYCONFIGCPY, .-CYCONFIGCPY
  88 0022 C046     		.section	.text.CYCONFIGCPYCODE,"ax",%progbits
  89              		.align	2
  90              		.code	16
  91              		.thumb_func
  92              		.type	CYCONFIGCPYCODE, %function
  93              	CYCONFIGCPYCODE:
  94              	.LFB4:
  71:.\Generated_Source\PSoC4/cyfitter_cfg.c **** CY_CFG_UNUSED
  72:.\Generated_Source\PSoC4/cyfitter_cfg.c **** static void CYCONFIGCPYCODE(void *dest, const void *src, size_t n);
  73:.\Generated_Source\PSoC4/cyfitter_cfg.c **** CY_CFG_UNUSED
  74:.\Generated_Source\PSoC4/cyfitter_cfg.c **** static void CYCONFIGCPYCODE(void *dest, const void *src, size_t n)
  75:.\Generated_Source\PSoC4/cyfitter_cfg.c **** {
  95              		.loc 1 75 0
  96              		.cfi_startproc
ARM GAS  C:\Users\Herry\AppData\Local\Temp\ccoeVbeh.s 			page 4


  97 0000 80B5     		push	{r7, lr}
  98              		.cfi_def_cfa_offset 8
  99              		.cfi_offset 7, -8
 100              		.cfi_offset 14, -4
 101 0002 84B0     		sub	sp, sp, #16
 102              		.cfi_def_cfa_offset 24
 103 0004 00AF     		add	r7, sp, #0
 104              		.cfi_def_cfa_register 7
 105 0006 F860     		str	r0, [r7, #12]
 106 0008 B960     		str	r1, [r7, #8]
 107 000a 7A60     		str	r2, [r7, #4]
  76:.\Generated_Source\PSoC4/cyfitter_cfg.c **** 	(void)memcpy(dest, src, n);
 108              		.loc 1 76 0
 109 000c F968     		ldr	r1, [r7, #12]
 110 000e BA68     		ldr	r2, [r7, #8]
 111 0010 7B68     		ldr	r3, [r7, #4]
 112 0012 081C     		mov	r0, r1
 113 0014 111C     		mov	r1, r2
 114 0016 1A1C     		mov	r2, r3
 115 0018 FFF7FEFF 		bl	memcpy
  77:.\Generated_Source\PSoC4/cyfitter_cfg.c **** }
 116              		.loc 1 77 0
 117 001c BD46     		mov	sp, r7
 118 001e 04B0     		add	sp, sp, #16
 119              		@ sp needed
 120 0020 80BD     		pop	{r7, pc}
 121              		.cfi_endproc
 122              	.LFE4:
 123              		.size	CYCONFIGCPYCODE, .-CYCONFIGCPYCODE
 124 0022 C046     		.section	.psocinit,"ax",%progbits
 125              		.align	2
 126              		.code	16
 127              		.thumb_func
 128              		.type	ClockSetup, %function
 129              	ClockSetup:
 130              	.LFB5:
  78:.\Generated_Source\PSoC4/cyfitter_cfg.c **** 
  79:.\Generated_Source\PSoC4/cyfitter_cfg.c **** 
  80:.\Generated_Source\PSoC4/cyfitter_cfg.c **** 
  81:.\Generated_Source\PSoC4/cyfitter_cfg.c **** /* Clock startup error codes                                                   */
  82:.\Generated_Source\PSoC4/cyfitter_cfg.c **** #define CYCLOCKSTART_NO_ERROR    0u
  83:.\Generated_Source\PSoC4/cyfitter_cfg.c **** #define CYCLOCKSTART_XTAL_ERROR  1u
  84:.\Generated_Source\PSoC4/cyfitter_cfg.c **** #define CYCLOCKSTART_32KHZ_ERROR 2u
  85:.\Generated_Source\PSoC4/cyfitter_cfg.c **** #define CYCLOCKSTART_PLL_ERROR   3u
  86:.\Generated_Source\PSoC4/cyfitter_cfg.c **** 
  87:.\Generated_Source\PSoC4/cyfitter_cfg.c **** #ifdef CY_NEED_CYCLOCKSTARTUPERROR
  88:.\Generated_Source\PSoC4/cyfitter_cfg.c **** /*******************************************************************************
  89:.\Generated_Source\PSoC4/cyfitter_cfg.c **** * Function Name: CyClockStartupError
  90:.\Generated_Source\PSoC4/cyfitter_cfg.c **** ********************************************************************************
  91:.\Generated_Source\PSoC4/cyfitter_cfg.c **** * Summary:
  92:.\Generated_Source\PSoC4/cyfitter_cfg.c **** *  If an error is encountered during clock configuration (crystal startup error,
  93:.\Generated_Source\PSoC4/cyfitter_cfg.c **** *  PLL lock error, etc.), the system will end up here.  Unless reimplemented by
  94:.\Generated_Source\PSoC4/cyfitter_cfg.c **** *  the customer, this function will stop in an infinite loop.
  95:.\Generated_Source\PSoC4/cyfitter_cfg.c **** *
  96:.\Generated_Source\PSoC4/cyfitter_cfg.c **** * Parameters:
  97:.\Generated_Source\PSoC4/cyfitter_cfg.c **** *   void
  98:.\Generated_Source\PSoC4/cyfitter_cfg.c **** *
ARM GAS  C:\Users\Herry\AppData\Local\Temp\ccoeVbeh.s 			page 5


  99:.\Generated_Source\PSoC4/cyfitter_cfg.c **** * Return:
 100:.\Generated_Source\PSoC4/cyfitter_cfg.c **** *   void
 101:.\Generated_Source\PSoC4/cyfitter_cfg.c **** *
 102:.\Generated_Source\PSoC4/cyfitter_cfg.c **** *******************************************************************************/
 103:.\Generated_Source\PSoC4/cyfitter_cfg.c **** CY_CFG_UNUSED
 104:.\Generated_Source\PSoC4/cyfitter_cfg.c **** static void CyClockStartupError(uint8 errorCode);
 105:.\Generated_Source\PSoC4/cyfitter_cfg.c **** CY_CFG_UNUSED
 106:.\Generated_Source\PSoC4/cyfitter_cfg.c **** static void CyClockStartupError(uint8 errorCode)
 107:.\Generated_Source\PSoC4/cyfitter_cfg.c **** {
 108:.\Generated_Source\PSoC4/cyfitter_cfg.c ****     /* To remove the compiler warning if errorCode not used.                */
 109:.\Generated_Source\PSoC4/cyfitter_cfg.c ****     errorCode = errorCode;
 110:.\Generated_Source\PSoC4/cyfitter_cfg.c **** 
 111:.\Generated_Source\PSoC4/cyfitter_cfg.c ****     /* `#START CyClockStartupError` */
 112:.\Generated_Source\PSoC4/cyfitter_cfg.c **** 
 113:.\Generated_Source\PSoC4/cyfitter_cfg.c ****     /* If we have a clock startup error (bad MHz crystal, PLL lock, etc.),  */
 114:.\Generated_Source\PSoC4/cyfitter_cfg.c ****     /* we will end up here to allow the customer to implement something to  */
 115:.\Generated_Source\PSoC4/cyfitter_cfg.c ****     /* deal with the clock condition.                                       */
 116:.\Generated_Source\PSoC4/cyfitter_cfg.c **** 
 117:.\Generated_Source\PSoC4/cyfitter_cfg.c ****     /* `#END` */
 118:.\Generated_Source\PSoC4/cyfitter_cfg.c **** 
 119:.\Generated_Source\PSoC4/cyfitter_cfg.c ****     /* If nothing else, stop here since the clocks have not started         */
 120:.\Generated_Source\PSoC4/cyfitter_cfg.c ****     /* correctly.                                                           */
 121:.\Generated_Source\PSoC4/cyfitter_cfg.c ****     while(1) {}
 122:.\Generated_Source\PSoC4/cyfitter_cfg.c **** }
 123:.\Generated_Source\PSoC4/cyfitter_cfg.c **** #endif
 124:.\Generated_Source\PSoC4/cyfitter_cfg.c **** 
 125:.\Generated_Source\PSoC4/cyfitter_cfg.c **** 
 126:.\Generated_Source\PSoC4/cyfitter_cfg.c **** 
 127:.\Generated_Source\PSoC4/cyfitter_cfg.c **** /*******************************************************************************
 128:.\Generated_Source\PSoC4/cyfitter_cfg.c **** * Function Name: ClockSetup
 129:.\Generated_Source\PSoC4/cyfitter_cfg.c **** ********************************************************************************
 130:.\Generated_Source\PSoC4/cyfitter_cfg.c **** *
 131:.\Generated_Source\PSoC4/cyfitter_cfg.c **** * Summary:
 132:.\Generated_Source\PSoC4/cyfitter_cfg.c **** *   Performs the initialization of all of the clocks in the device based on the
 133:.\Generated_Source\PSoC4/cyfitter_cfg.c **** *   settings in the Clock tab of the DWR.  This includes enabling the requested
 134:.\Generated_Source\PSoC4/cyfitter_cfg.c **** *   clocks and setting the necessary dividers to produce the desired frequency. 
 135:.\Generated_Source\PSoC4/cyfitter_cfg.c **** *
 136:.\Generated_Source\PSoC4/cyfitter_cfg.c **** * Parameters:
 137:.\Generated_Source\PSoC4/cyfitter_cfg.c **** *   void
 138:.\Generated_Source\PSoC4/cyfitter_cfg.c **** *
 139:.\Generated_Source\PSoC4/cyfitter_cfg.c **** * Return:
 140:.\Generated_Source\PSoC4/cyfitter_cfg.c **** *   void
 141:.\Generated_Source\PSoC4/cyfitter_cfg.c **** *
 142:.\Generated_Source\PSoC4/cyfitter_cfg.c **** *******************************************************************************/
 143:.\Generated_Source\PSoC4/cyfitter_cfg.c **** static void ClockSetup(void);
 144:.\Generated_Source\PSoC4/cyfitter_cfg.c **** CY_CFG_SECTION
 145:.\Generated_Source\PSoC4/cyfitter_cfg.c **** static void ClockSetup(void)
 146:.\Generated_Source\PSoC4/cyfitter_cfg.c **** {
 131              		.loc 1 146 0
 132              		.cfi_startproc
 133 0000 80B5     		push	{r7, lr}
 134              		.cfi_def_cfa_offset 8
 135              		.cfi_offset 7, -8
 136              		.cfi_offset 14, -4
 137 0002 00AF     		add	r7, sp, #0
 138              		.cfi_def_cfa_register 7
 147:.\Generated_Source\PSoC4/cyfitter_cfg.c **** 
ARM GAS  C:\Users\Herry\AppData\Local\Temp\ccoeVbeh.s 			page 6


 148:.\Generated_Source\PSoC4/cyfitter_cfg.c **** 	/* Set Flash Cycles based on max possible frequency in case a glitch occurs during ClockSetup(). *
 149:.\Generated_Source\PSoC4/cyfitter_cfg.c **** 	CY_SET_REG32((void CYXDATA *)(CYREG_CPUSS_FLASH_CTL), (0x0012u));
 139              		.loc 1 149 0
 140 0004 274B     		ldr	r3, .L5
 141 0006 1222     		mov	r2, #18
 142 0008 1A60     		str	r2, [r3]
 150:.\Generated_Source\PSoC4/cyfitter_cfg.c **** 
 151:.\Generated_Source\PSoC4/cyfitter_cfg.c **** 	/* Start the WCO */
 152:.\Generated_Source\PSoC4/cyfitter_cfg.c **** 	CySysClkWcoStart();
 143              		.loc 1 152 0
 144 000a FFF7FEFF 		bl	CySysClkWcoStart
 153:.\Generated_Source\PSoC4/cyfitter_cfg.c **** 	CyDelayCycles(12000000u); /* WCO may take up to 500ms to start */
 145              		.loc 1 153 0
 146 000e 264B     		ldr	r3, .L5+4
 147 0010 181C     		mov	r0, r3
 148 0012 FFF7FEFF 		bl	CyDelayCycles
 154:.\Generated_Source\PSoC4/cyfitter_cfg.c **** 	(void)CySysClkWcoSetPowerMode(CY_SYS_CLK_WCO_LPM);    /* Switch to the low power mode */
 149              		.loc 1 154 0
 150 0016 0120     		mov	r0, #1
 151 0018 FFF7FEFF 		bl	CySysClkWcoSetPowerMode
 155:.\Generated_Source\PSoC4/cyfitter_cfg.c **** 
 156:.\Generated_Source\PSoC4/cyfitter_cfg.c **** 	/* Setup and trim IMO based on desired frequency. */
 157:.\Generated_Source\PSoC4/cyfitter_cfg.c **** 	CySysClkWriteImoFreq(48u);
 152              		.loc 1 157 0
 153 001c 3020     		mov	r0, #48
 154 001e FFF7FEFF 		bl	CySysClkWriteImoFreq
 158:.\Generated_Source\PSoC4/cyfitter_cfg.c **** 	/* CYDEV_CLK_ILO_CONFIG Starting address: CYDEV_CLK_ILO_CONFIG */
 159:.\Generated_Source\PSoC4/cyfitter_cfg.c **** 	CY_SET_XTND_REG32((void CYFAR *)(CYREG_CLK_ILO_CONFIG), 0x80000006u);
 155              		.loc 1 159 0
 156 0022 224B     		ldr	r3, .L5+8
 157 0024 224A     		ldr	r2, .L5+12
 158 0026 1A60     		str	r2, [r3]
 160:.\Generated_Source\PSoC4/cyfitter_cfg.c **** 
 161:.\Generated_Source\PSoC4/cyfitter_cfg.c **** 	/* CYDEV_WDT_CONFIG Starting address: CYDEV_WDT_CONFIG */
 162:.\Generated_Source\PSoC4/cyfitter_cfg.c **** 	CY_SET_XTND_REG32((void CYFAR *)(CYREG_WDT_CONFIG), 0x40000000u);
 159              		.loc 1 162 0
 160 0028 224B     		ldr	r3, .L5+16
 161 002a 8022     		mov	r2, #128
 162 002c D205     		lsl	r2, r2, #23
 163 002e 1A60     		str	r2, [r3]
 163:.\Generated_Source\PSoC4/cyfitter_cfg.c **** 
 164:.\Generated_Source\PSoC4/cyfitter_cfg.c **** 
 165:.\Generated_Source\PSoC4/cyfitter_cfg.c **** 	/* Enable fast start mode for XO */
 166:.\Generated_Source\PSoC4/cyfitter_cfg.c **** 	CY_SET_REG32((void*)CYREG_BLE_BLERD_BB_XO, CY_GET_REG32((void*)CYREG_BLE_BLERD_BB_XO) | (uint32)0x
 164              		.loc 1 166 0
 165 0030 214B     		ldr	r3, .L5+20
 166 0032 214A     		ldr	r2, .L5+20
 167 0034 1268     		ldr	r2, [r2]
 168 0036 0221     		mov	r1, #2
 169 0038 0A43     		orr	r2, r1
 170 003a 1A60     		str	r2, [r3]
 167:.\Generated_Source\PSoC4/cyfitter_cfg.c **** 	CY_SET_XTND_REG32((void CYFAR *)(CYREG_BLE_BLERD_BB_XO_CAPTRIM), 0x00002D6Au);
 171              		.loc 1 167 0
 172 003c 1F4B     		ldr	r3, .L5+24
 173 003e 204A     		ldr	r2, .L5+28
 174 0040 1A60     		str	r2, [r3]
 168:.\Generated_Source\PSoC4/cyfitter_cfg.c **** 	/* Disable Crystal Stable Interrupt before enabling ECO */
ARM GAS  C:\Users\Herry\AppData\Local\Temp\ccoeVbeh.s 			page 7


 169:.\Generated_Source\PSoC4/cyfitter_cfg.c **** 	CY_SET_REG32((void*)CYREG_BLE_BLESS_LL_DSM_CTRL, CY_GET_REG32((void*)CYREG_BLE_BLESS_LL_DSM_CTRL) 
 175              		.loc 1 169 0
 176 0042 204B     		ldr	r3, .L5+32
 177 0044 1F4A     		ldr	r2, .L5+32
 178 0046 1268     		ldr	r2, [r2]
 179 0048 0821     		mov	r1, #8
 180 004a 8A43     		bic	r2, r1
 181 004c 1A60     		str	r2, [r3]
 170:.\Generated_Source\PSoC4/cyfitter_cfg.c **** 	/* Start the ECO and do not check status since it is not needed for HFCLK */
 171:.\Generated_Source\PSoC4/cyfitter_cfg.c **** 	(void)CySysClkEcoStart(2000u);
 182              		.loc 1 171 0
 183 004e FA23     		mov	r3, #250
 184 0050 DB00     		lsl	r3, r3, #3
 185 0052 181C     		mov	r0, r3
 186 0054 FFF7FEFF 		bl	CySysClkEcoStart
 172:.\Generated_Source\PSoC4/cyfitter_cfg.c **** 	CyDelayUs(1500u); /* Wait to stabalize */
 187              		.loc 1 172 0
 188 0058 1B4B     		ldr	r3, .L5+36
 189 005a 181C     		mov	r0, r3
 190 005c FFF7FEFF 		bl	CyDelayUs
 173:.\Generated_Source\PSoC4/cyfitter_cfg.c **** 
 174:.\Generated_Source\PSoC4/cyfitter_cfg.c **** 	/* Setup phase aligned clocks */
 175:.\Generated_Source\PSoC4/cyfitter_cfg.c **** 	CY_SET_REG32((void *)CYREG_PERI_DIV_16_CTL1, 0x00001D00u);
 191              		.loc 1 175 0
 192 0060 1A4B     		ldr	r3, .L5+40
 193 0062 E822     		mov	r2, #232
 194 0064 5201     		lsl	r2, r2, #5
 195 0066 1A60     		str	r2, [r3]
 176:.\Generated_Source\PSoC4/cyfitter_cfg.c **** 	CY_SET_REG32((void *)CYREG_PERI_DIV_CMD, 0x8000FF41u);
 196              		.loc 1 176 0
 197 0068 194B     		ldr	r3, .L5+44
 198 006a 1A4A     		ldr	r2, .L5+48
 199 006c 1A60     		str	r2, [r3]
 177:.\Generated_Source\PSoC4/cyfitter_cfg.c **** 	CY_SET_REG32((void *)CYREG_PERI_DIV_16_CTL0, 0x00001900u);
 200              		.loc 1 177 0
 201 006e 1A4B     		ldr	r3, .L5+52
 202 0070 C822     		mov	r2, #200
 203 0072 5201     		lsl	r2, r2, #5
 204 0074 1A60     		str	r2, [r3]
 178:.\Generated_Source\PSoC4/cyfitter_cfg.c **** 	CY_SET_REG32((void *)CYREG_PERI_DIV_CMD, 0x8000FF40u);
 205              		.loc 1 178 0
 206 0076 164B     		ldr	r3, .L5+44
 207 0078 184A     		ldr	r2, .L5+56
 208 007a 1A60     		str	r2, [r3]
 179:.\Generated_Source\PSoC4/cyfitter_cfg.c **** 
 180:.\Generated_Source\PSoC4/cyfitter_cfg.c **** 	/* CYDEV_CLK_IMO_CONFIG Starting address: CYDEV_CLK_IMO_CONFIG */
 181:.\Generated_Source\PSoC4/cyfitter_cfg.c **** 	CY_SET_XTND_REG32((void CYFAR *)(CYREG_CLK_IMO_CONFIG), 0x82000000u);
 209              		.loc 1 181 0
 210 007c 184B     		ldr	r3, .L5+60
 211 007e 8222     		mov	r2, #130
 212 0080 1206     		lsl	r2, r2, #24
 213 0082 1A60     		str	r2, [r3]
 182:.\Generated_Source\PSoC4/cyfitter_cfg.c **** 
 183:.\Generated_Source\PSoC4/cyfitter_cfg.c **** 	/* CYDEV_CLK_SELECT Starting address: CYDEV_CLK_SELECT */
 184:.\Generated_Source\PSoC4/cyfitter_cfg.c **** 	CY_SET_XTND_REG32((void CYFAR *)(CYREG_CLK_SELECT), 0x00080000u);
 214              		.loc 1 184 0
 215 0084 174B     		ldr	r3, .L5+64
ARM GAS  C:\Users\Herry\AppData\Local\Temp\ccoeVbeh.s 			page 8


 216 0086 8022     		mov	r2, #128
 217 0088 1203     		lsl	r2, r2, #12
 218 008a 1A60     		str	r2, [r3]
 185:.\Generated_Source\PSoC4/cyfitter_cfg.c **** 
 186:.\Generated_Source\PSoC4/cyfitter_cfg.c **** 	/* CYDEV_PERI_PCLK_CTL6 Starting address: CYDEV_PERI_PCLK_CTL6 */
 187:.\Generated_Source\PSoC4/cyfitter_cfg.c **** 	CY_SET_XTND_REG32((void CYFAR *)(CYREG_PERI_PCLK_CTL6), 0x00000041u);
 219              		.loc 1 187 0
 220 008c 164B     		ldr	r3, .L5+68
 221 008e 4122     		mov	r2, #65
 222 0090 1A60     		str	r2, [r3]
 188:.\Generated_Source\PSoC4/cyfitter_cfg.c **** 
 189:.\Generated_Source\PSoC4/cyfitter_cfg.c **** 	/* CYDEV_PERI_PCLK_CTL1 Starting address: CYDEV_PERI_PCLK_CTL1 */
 190:.\Generated_Source\PSoC4/cyfitter_cfg.c **** 	CY_SET_XTND_REG32((void CYFAR *)(CYREG_PERI_PCLK_CTL1), 0x00000040u);
 223              		.loc 1 190 0
 224 0092 164B     		ldr	r3, .L5+72
 225 0094 4022     		mov	r2, #64
 226 0096 1A60     		str	r2, [r3]
 191:.\Generated_Source\PSoC4/cyfitter_cfg.c **** 
 192:.\Generated_Source\PSoC4/cyfitter_cfg.c **** 	CY_SET_XTND_REG32((void CYFAR *)(CYREG_WDT_CONFIG), 0x40000000u);
 227              		.loc 1 192 0
 228 0098 064B     		ldr	r3, .L5+16
 229 009a 8022     		mov	r2, #128
 230 009c D205     		lsl	r2, r2, #23
 231 009e 1A60     		str	r2, [r3]
 193:.\Generated_Source\PSoC4/cyfitter_cfg.c **** }
 232              		.loc 1 193 0
 233 00a0 BD46     		mov	sp, r7
 234              		@ sp needed
 235 00a2 80BD     		pop	{r7, pc}
 236              	.L6:
 237              		.align	2
 238              	.L5:
 239 00a4 30001040 		.word	1074790448
 240 00a8 001BB700 		.word	12000000
 241 00ac 04010B40 		.word	1074462980
 242 00b0 06000080 		.word	-2147483642
 243 00b4 0C020B40 		.word	1074463244
 244 00b8 78002E40 		.word	1076756600
 245 00bc 7C002E40 		.word	1076756604
 246 00c0 6A2D0000 		.word	11626
 247 00c4 6CF02E40 		.word	1076818028
 248 00c8 DC050000 		.word	1500
 249 00cc 04030140 		.word	1073808132
 250 00d0 00000140 		.word	1073807360
 251 00d4 41FF0080 		.word	-2147418303
 252 00d8 00030140 		.word	1073808128
 253 00dc 40FF0080 		.word	-2147418304
 254 00e0 08010B40 		.word	1074462984
 255 00e4 00010B40 		.word	1074462976
 256 00e8 18010140 		.word	1073807640
 257 00ec 04010140 		.word	1073807620
 258              		.cfi_endproc
 259              	.LFE5:
 260              		.size	ClockSetup, .-ClockSetup
 261              		.section	.text.AnalogSetDefault,"ax",%progbits
 262              		.align	2
 263              		.code	16
ARM GAS  C:\Users\Herry\AppData\Local\Temp\ccoeVbeh.s 			page 9


 264              		.thumb_func
 265              		.type	AnalogSetDefault, %function
 266              	AnalogSetDefault:
 267              	.LFB6:
 194:.\Generated_Source\PSoC4/cyfitter_cfg.c **** 
 195:.\Generated_Source\PSoC4/cyfitter_cfg.c **** 
 196:.\Generated_Source\PSoC4/cyfitter_cfg.c **** /* Analog API Functions */
 197:.\Generated_Source\PSoC4/cyfitter_cfg.c **** 
 198:.\Generated_Source\PSoC4/cyfitter_cfg.c **** 
 199:.\Generated_Source\PSoC4/cyfitter_cfg.c **** /*******************************************************************************
 200:.\Generated_Source\PSoC4/cyfitter_cfg.c **** * Function Name: AnalogSetDefault
 201:.\Generated_Source\PSoC4/cyfitter_cfg.c **** ********************************************************************************
 202:.\Generated_Source\PSoC4/cyfitter_cfg.c **** *
 203:.\Generated_Source\PSoC4/cyfitter_cfg.c **** * Summary:
 204:.\Generated_Source\PSoC4/cyfitter_cfg.c **** *  Sets up the analog portions of the chip to default values based on chip
 205:.\Generated_Source\PSoC4/cyfitter_cfg.c **** *  configuration options from the project.
 206:.\Generated_Source\PSoC4/cyfitter_cfg.c **** *
 207:.\Generated_Source\PSoC4/cyfitter_cfg.c **** * Parameters:
 208:.\Generated_Source\PSoC4/cyfitter_cfg.c **** *  void
 209:.\Generated_Source\PSoC4/cyfitter_cfg.c **** *
 210:.\Generated_Source\PSoC4/cyfitter_cfg.c **** * Return:
 211:.\Generated_Source\PSoC4/cyfitter_cfg.c **** *  void
 212:.\Generated_Source\PSoC4/cyfitter_cfg.c **** *
 213:.\Generated_Source\PSoC4/cyfitter_cfg.c **** *******************************************************************************/
 214:.\Generated_Source\PSoC4/cyfitter_cfg.c **** static void AnalogSetDefault(void);
 215:.\Generated_Source\PSoC4/cyfitter_cfg.c **** static void AnalogSetDefault(void)
 216:.\Generated_Source\PSoC4/cyfitter_cfg.c **** {
 268              		.loc 1 216 0
 269              		.cfi_startproc
 270 0000 80B5     		push	{r7, lr}
 271              		.cfi_def_cfa_offset 8
 272              		.cfi_offset 7, -8
 273              		.cfi_offset 14, -4
 274 0002 00AF     		add	r7, sp, #0
 275              		.cfi_def_cfa_register 7
 217:.\Generated_Source\PSoC4/cyfitter_cfg.c **** 	CY_SET_XTND_REG32((void CYFAR *)CYREG_CTBM0_DFT_CTRL, 0x00000003u);
 276              		.loc 1 217 0
 277 0004 084B     		ldr	r3, .L8
 278 0006 0322     		mov	r2, #3
 279 0008 1A60     		str	r2, [r3]
 218:.\Generated_Source\PSoC4/cyfitter_cfg.c **** 	CY_SET_XTND_REG32((void CYFAR *)CYREG_CTBM1_DFT_CTRL, 0x00000003u);
 280              		.loc 1 218 0
 281 000a 084B     		ldr	r3, .L8+4
 282 000c 0322     		mov	r2, #3
 283 000e 1A60     		str	r2, [r3]
 219:.\Generated_Source\PSoC4/cyfitter_cfg.c **** 	CY_SET_XTND_REG32((void CYFAR *)CYREG_SAR_CTRL, 0x80000000u);
 284              		.loc 1 219 0
 285 0010 074B     		ldr	r3, .L8+8
 286 0012 8022     		mov	r2, #128
 287 0014 1206     		lsl	r2, r2, #24
 288 0016 1A60     		str	r2, [r3]
 220:.\Generated_Source\PSoC4/cyfitter_cfg.c **** 	CY_SET_XTND_REG32((void CYFAR *)CYREG_SAR_MUX_SWITCH0, 0x00000001u);
 289              		.loc 1 220 0
 290 0018 064B     		ldr	r3, .L8+12
 291 001a 0122     		mov	r2, #1
 292 001c 1A60     		str	r2, [r3]
 221:.\Generated_Source\PSoC4/cyfitter_cfg.c **** 	CY_SET_XTND_REG32((void CYFAR *)CYREG_PASS_DSAB_DSAB_CTRL, 0x00000000u);
ARM GAS  C:\Users\Herry\AppData\Local\Temp\ccoeVbeh.s 			page 10


 293              		.loc 1 221 0
 294 001e 064B     		ldr	r3, .L8+16
 295 0020 0022     		mov	r2, #0
 296 0022 1A60     		str	r2, [r3]
 222:.\Generated_Source\PSoC4/cyfitter_cfg.c **** }
 297              		.loc 1 222 0
 298 0024 BD46     		mov	sp, r7
 299              		@ sp needed
 300 0026 80BD     		pop	{r7, pc}
 301              	.L9:
 302              		.align	2
 303              	.L8:
 304 0028 30003040 		.word	1076887600
 305 002c 30003140 		.word	1076953136
 306 0030 00003A40 		.word	1077542912
 307 0034 00033A40 		.word	1077543680
 308 0038 000E3F40 		.word	1077874176
 309              		.cfi_endproc
 310              	.LFE6:
 311              		.size	AnalogSetDefault, .-AnalogSetDefault
 312              		.section	.psocinit
 313              		.align	2
 314              		.global	cyfitter_cfg
 315              		.code	16
 316              		.thumb_func
 317              		.type	cyfitter_cfg, %function
 318              	cyfitter_cfg:
 319              	.LFB7:
 223:.\Generated_Source\PSoC4/cyfitter_cfg.c **** 
 224:.\Generated_Source\PSoC4/cyfitter_cfg.c **** #define CY_AMUX_UNUSED CYREG_CM0_ROM_DWT
 225:.\Generated_Source\PSoC4/cyfitter_cfg.c **** 
 226:.\Generated_Source\PSoC4/cyfitter_cfg.c **** 
 227:.\Generated_Source\PSoC4/cyfitter_cfg.c **** /*******************************************************************************
 228:.\Generated_Source\PSoC4/cyfitter_cfg.c **** * Function Name: cyfitter_cfg
 229:.\Generated_Source\PSoC4/cyfitter_cfg.c **** ********************************************************************************
 230:.\Generated_Source\PSoC4/cyfitter_cfg.c **** * Summary:
 231:.\Generated_Source\PSoC4/cyfitter_cfg.c **** *  This function is called by the start-up code for the selected device. It
 232:.\Generated_Source\PSoC4/cyfitter_cfg.c **** *  performs all of the necessary device configuration based on the design
 233:.\Generated_Source\PSoC4/cyfitter_cfg.c **** *  settings.  This includes settings from the Design Wide Resources (DWR) such
 234:.\Generated_Source\PSoC4/cyfitter_cfg.c **** *  as Clocks and Pins as well as any component configuration that is necessary.
 235:.\Generated_Source\PSoC4/cyfitter_cfg.c **** *
 236:.\Generated_Source\PSoC4/cyfitter_cfg.c **** * Parameters:  
 237:.\Generated_Source\PSoC4/cyfitter_cfg.c **** *   void
 238:.\Generated_Source\PSoC4/cyfitter_cfg.c **** *
 239:.\Generated_Source\PSoC4/cyfitter_cfg.c **** * Return:
 240:.\Generated_Source\PSoC4/cyfitter_cfg.c **** *   void
 241:.\Generated_Source\PSoC4/cyfitter_cfg.c **** *
 242:.\Generated_Source\PSoC4/cyfitter_cfg.c **** *******************************************************************************/
 243:.\Generated_Source\PSoC4/cyfitter_cfg.c **** CY_CFG_SECTION
 244:.\Generated_Source\PSoC4/cyfitter_cfg.c **** void cyfitter_cfg(void)
 245:.\Generated_Source\PSoC4/cyfitter_cfg.c **** {
 320              		.loc 1 245 0
 321              		.cfi_startproc
 322 00f0 80B5     		push	{r7, lr}
 323              		.cfi_def_cfa_offset 8
 324              		.cfi_offset 7, -8
 325              		.cfi_offset 14, -4
ARM GAS  C:\Users\Herry\AppData\Local\Temp\ccoeVbeh.s 			page 11


 326 00f2 82B0     		sub	sp, sp, #8
 327              		.cfi_def_cfa_offset 16
 328 00f4 00AF     		add	r7, sp, #0
 329              		.cfi_def_cfa_register 7
 246:.\Generated_Source\PSoC4/cyfitter_cfg.c **** 	/* Disable interrupts by default. Let user enable if/when they want. */
 247:.\Generated_Source\PSoC4/cyfitter_cfg.c **** 	CyGlobalIntDisable;
 330              		.loc 1 247 0
 331              	@ 247 ".\Generated_Source\PSoC4\cyfitter_cfg.c" 1
 332 00f6 72B6     		CPSID   i
 333              	@ 0 "" 2
 248:.\Generated_Source\PSoC4/cyfitter_cfg.c **** 
 249:.\Generated_Source\PSoC4/cyfitter_cfg.c **** 	CY_SET_XTND_REG32((void CYFAR *)(CYREG_BLE_BLESS_LL_DSM_CTRL), 0x00000000u);
 334              		.loc 1 249 0
 335              		.code	16
 336 00f8 454B     		ldr	r3, .L13
 337 00fa 0022     		mov	r2, #0
 338 00fc 1A60     		str	r2, [r3]
 339              	.LBB2:
 250:.\Generated_Source\PSoC4/cyfitter_cfg.c **** 
 251:.\Generated_Source\PSoC4/cyfitter_cfg.c **** 	{
 252:.\Generated_Source\PSoC4/cyfitter_cfg.c **** 
 253:.\Generated_Source\PSoC4/cyfitter_cfg.c **** 		CYPACKED typedef struct {
 254:.\Generated_Source\PSoC4/cyfitter_cfg.c **** 			void CYFAR *address;
 255:.\Generated_Source\PSoC4/cyfitter_cfg.c **** 			uint16 size;
 256:.\Generated_Source\PSoC4/cyfitter_cfg.c **** 		} CYPACKED_ATTR cfg_memset_t;
 257:.\Generated_Source\PSoC4/cyfitter_cfg.c **** 
 258:.\Generated_Source\PSoC4/cyfitter_cfg.c **** 		static const cfg_memset_t CYCODE cfg_memset_list [] = {
 259:.\Generated_Source\PSoC4/cyfitter_cfg.c **** 			/* address, size */
 260:.\Generated_Source\PSoC4/cyfitter_cfg.c **** 			{(void CYFAR *)(CYDEV_UDB_P0_U0_BASE), 1024u},
 261:.\Generated_Source\PSoC4/cyfitter_cfg.c **** 			{(void CYFAR *)(CYDEV_UDB_DSI0_BASE), 1024u},
 262:.\Generated_Source\PSoC4/cyfitter_cfg.c **** 		};
 263:.\Generated_Source\PSoC4/cyfitter_cfg.c **** 
 264:.\Generated_Source\PSoC4/cyfitter_cfg.c **** 		uint8 CYDATA i;
 265:.\Generated_Source\PSoC4/cyfitter_cfg.c **** 
 266:.\Generated_Source\PSoC4/cyfitter_cfg.c **** 		/* Zero out critical memory blocks before beginning configuration */
 267:.\Generated_Source\PSoC4/cyfitter_cfg.c **** 		for (i = 0u; i < (sizeof(cfg_memset_list)/sizeof(cfg_memset_list[0])); i++)
 340              		.loc 1 267 0
 341 00fe FB1D     		add	r3, r7, #7
 342 0100 0022     		mov	r2, #0
 343 0102 1A70     		strb	r2, [r3]
 344 0104 23E0     		b	.L11
 345              	.L12:
 346              	.LBB3:
 268:.\Generated_Source\PSoC4/cyfitter_cfg.c **** 		{
 269:.\Generated_Source\PSoC4/cyfitter_cfg.c **** 			const cfg_memset_t CYCODE * CYDATA ms = &cfg_memset_list[i];
 347              		.loc 1 269 0 discriminator 3
 348 0106 FB1D     		add	r3, r7, #7
 349 0108 1A78     		ldrb	r2, [r3]
 350 010a 131C     		mov	r3, r2
 351 010c 5B00     		lsl	r3, r3, #1
 352 010e 9B18     		add	r3, r3, r2
 353 0110 5B00     		lsl	r3, r3, #1
 354 0112 404A     		ldr	r2, .L13+4
 355 0114 9B18     		add	r3, r3, r2
 356 0116 3B60     		str	r3, [r7]
 270:.\Generated_Source\PSoC4/cyfitter_cfg.c **** 			CYMEMZERO(ms->address, (size_t)(uint32)(ms->size));
 357              		.loc 1 270 0 discriminator 3
ARM GAS  C:\Users\Herry\AppData\Local\Temp\ccoeVbeh.s 			page 12


 358 0118 3B68     		ldr	r3, [r7]
 359 011a 1A78     		ldrb	r2, [r3]
 360 011c 5978     		ldrb	r1, [r3, #1]
 361 011e 0902     		lsl	r1, r1, #8
 362 0120 0A43     		orr	r2, r1
 363 0122 9978     		ldrb	r1, [r3, #2]
 364 0124 0904     		lsl	r1, r1, #16
 365 0126 0A43     		orr	r2, r1
 366 0128 DB78     		ldrb	r3, [r3, #3]
 367 012a 1B06     		lsl	r3, r3, #24
 368 012c 1343     		orr	r3, r2
 369 012e 191C     		mov	r1, r3
 370 0130 3B68     		ldr	r3, [r7]
 371 0132 1A79     		ldrb	r2, [r3, #4]
 372 0134 5B79     		ldrb	r3, [r3, #5]
 373 0136 1B02     		lsl	r3, r3, #8
 374 0138 1343     		orr	r3, r2
 375 013a 9BB2     		uxth	r3, r3
 376 013c 081C     		mov	r0, r1
 377 013e 191C     		mov	r1, r3
 378 0140 FFF7FEFF 		bl	CYMEMZERO
 379              	.LBE3:
 267:.\Generated_Source\PSoC4/cyfitter_cfg.c **** 		{
 380              		.loc 1 267 0 discriminator 3
 381 0144 FB1D     		add	r3, r7, #7
 382 0146 1A78     		ldrb	r2, [r3]
 383 0148 FB1D     		add	r3, r7, #7
 384 014a 0132     		add	r2, r2, #1
 385 014c 1A70     		strb	r2, [r3]
 386              	.L11:
 267:.\Generated_Source\PSoC4/cyfitter_cfg.c **** 		{
 387              		.loc 1 267 0 is_stmt 0 discriminator 1
 388 014e FB1D     		add	r3, r7, #7
 389 0150 1B78     		ldrb	r3, [r3]
 390 0152 012B     		cmp	r3, #1
 391 0154 D7D9     		bls	.L12
 271:.\Generated_Source\PSoC4/cyfitter_cfg.c **** 		}
 272:.\Generated_Source\PSoC4/cyfitter_cfg.c **** 
 273:.\Generated_Source\PSoC4/cyfitter_cfg.c **** 		/* HSIOM Starting address: CYDEV_HSIOM_BASE */
 274:.\Generated_Source\PSoC4/cyfitter_cfg.c **** 		CY_SET_XTND_REG32((void CYFAR *)(CYDEV_HSIOM_BASE), 0xEE000000u);
 392              		.loc 1 274 0 is_stmt 1
 393 0156 304B     		ldr	r3, .L13+8
 394 0158 EE22     		mov	r2, #238
 395 015a 1206     		lsl	r2, r2, #24
 396 015c 1A60     		str	r2, [r3]
 275:.\Generated_Source\PSoC4/cyfitter_cfg.c **** 		CY_SET_XTND_REG32((void CYFAR *)(CYREG_HSIOM_PORT_SEL1), 0x00990000u);
 397              		.loc 1 275 0
 398 015e 2F4B     		ldr	r3, .L13+12
 399 0160 9922     		mov	r2, #153
 400 0162 1204     		lsl	r2, r2, #16
 401 0164 1A60     		str	r2, [r3]
 276:.\Generated_Source\PSoC4/cyfitter_cfg.c **** 
 277:.\Generated_Source\PSoC4/cyfitter_cfg.c **** 		/* UDB_PA_0 Starting address: CYDEV_UDB_PA0_BASE */
 278:.\Generated_Source\PSoC4/cyfitter_cfg.c **** 		CY_SET_XTND_REG32((void CYFAR *)(CYDEV_UDB_PA0_BASE), 0x00990000u);
 402              		.loc 1 278 0
 403 0166 2E4B     		ldr	r3, .L13+16
 404 0168 9922     		mov	r2, #153
ARM GAS  C:\Users\Herry\AppData\Local\Temp\ccoeVbeh.s 			page 13


 405 016a 1204     		lsl	r2, r2, #16
 406 016c 1A60     		str	r2, [r3]
 279:.\Generated_Source\PSoC4/cyfitter_cfg.c **** 
 280:.\Generated_Source\PSoC4/cyfitter_cfg.c **** 		/* UDB_PA_1 Starting address: CYDEV_UDB_PA1_BASE */
 281:.\Generated_Source\PSoC4/cyfitter_cfg.c **** 		CY_SET_XTND_REG32((void CYFAR *)(CYDEV_UDB_PA1_BASE), 0x00990000u);
 407              		.loc 1 281 0
 408 016e 2D4B     		ldr	r3, .L13+20
 409 0170 9922     		mov	r2, #153
 410 0172 1204     		lsl	r2, r2, #16
 411 0174 1A60     		str	r2, [r3]
 282:.\Generated_Source\PSoC4/cyfitter_cfg.c **** 
 283:.\Generated_Source\PSoC4/cyfitter_cfg.c **** 		/* UDB_PA_2 Starting address: CYDEV_UDB_PA2_BASE */
 284:.\Generated_Source\PSoC4/cyfitter_cfg.c **** 		CY_SET_XTND_REG32((void CYFAR *)(CYDEV_UDB_PA2_BASE), 0x00990000u);
 412              		.loc 1 284 0
 413 0176 2C4B     		ldr	r3, .L13+24
 414 0178 9922     		mov	r2, #153
 415 017a 1204     		lsl	r2, r2, #16
 416 017c 1A60     		str	r2, [r3]
 285:.\Generated_Source\PSoC4/cyfitter_cfg.c **** 
 286:.\Generated_Source\PSoC4/cyfitter_cfg.c **** 		/* UDB_PA_3 Starting address: CYDEV_UDB_PA3_BASE */
 287:.\Generated_Source\PSoC4/cyfitter_cfg.c **** 		CY_SET_XTND_REG32((void CYFAR *)(CYDEV_UDB_PA3_BASE), 0x00990000u);
 417              		.loc 1 287 0
 418 017e 2B4B     		ldr	r3, .L13+28
 419 0180 9922     		mov	r2, #153
 420 0182 1204     		lsl	r2, r2, #16
 421 0184 1A60     		str	r2, [r3]
 288:.\Generated_Source\PSoC4/cyfitter_cfg.c **** 
 289:.\Generated_Source\PSoC4/cyfitter_cfg.c **** 		/* Enable digital routing */
 290:.\Generated_Source\PSoC4/cyfitter_cfg.c **** 		CY_SET_XTND_REG8((void *)CYREG_UDB_UDBIF_BANK_CTL, CY_GET_XTND_REG8((void *)CYREG_UDB_UDBIF_BANK_
 422              		.loc 1 290 0
 423 0186 2A4A     		ldr	r2, .L13+32
 424 0188 294B     		ldr	r3, .L13+32
 425 018a 1B78     		ldrb	r3, [r3]
 426 018c DBB2     		uxtb	r3, r3
 427 018e 0221     		mov	r1, #2
 428 0190 0B43     		orr	r3, r1
 429 0192 DBB2     		uxtb	r3, r3
 430 0194 1370     		strb	r3, [r2]
 291:.\Generated_Source\PSoC4/cyfitter_cfg.c **** 
 292:.\Generated_Source\PSoC4/cyfitter_cfg.c **** 		/* Enable UDB array */
 293:.\Generated_Source\PSoC4/cyfitter_cfg.c **** 		CY_SET_XTND_REG8((void *)CYREG_UDB_UDBIF_WAIT_CFG, (uint8)((CY_GET_XTND_REG8((void *)CYREG_UDB_UD
 431              		.loc 1 293 0
 432 0196 274A     		ldr	r2, .L13+36
 433 0198 264B     		ldr	r3, .L13+36
 434 019a 1B78     		ldrb	r3, [r3]
 435 019c DBB2     		uxtb	r3, r3
 436 019e 3C21     		mov	r1, #60
 437 01a0 8B43     		bic	r3, r1
 438 01a2 DBB2     		uxtb	r3, r3
 439 01a4 1421     		mov	r1, #20
 440 01a6 0B43     		orr	r3, r1
 441 01a8 DBB2     		uxtb	r3, r3
 442 01aa 1370     		strb	r3, [r2]
 294:.\Generated_Source\PSoC4/cyfitter_cfg.c **** 		CY_SET_XTND_REG8((void *)CYREG_UDB_UDBIF_BANK_CTL, (uint8)(CY_GET_XTND_REG8((void *)CYREG_UDB_UDB
 443              		.loc 1 294 0
 444 01ac 204A     		ldr	r2, .L13+32
 445 01ae 204B     		ldr	r3, .L13+32
ARM GAS  C:\Users\Herry\AppData\Local\Temp\ccoeVbeh.s 			page 14


 446 01b0 1B78     		ldrb	r3, [r3]
 447 01b2 DBB2     		uxtb	r3, r3
 448 01b4 1621     		mov	r1, #22
 449 01b6 0B43     		orr	r3, r1
 450 01b8 DBB2     		uxtb	r3, r3
 451 01ba 1370     		strb	r3, [r2]
 452              	.LBE2:
 295:.\Generated_Source\PSoC4/cyfitter_cfg.c **** 	}
 296:.\Generated_Source\PSoC4/cyfitter_cfg.c **** 
 297:.\Generated_Source\PSoC4/cyfitter_cfg.c **** 	/* Perform second pass device configuration. These items must be configured in specific order afte
 298:.\Generated_Source\PSoC4/cyfitter_cfg.c **** 	/* IOPINS0_0 Starting address: CYDEV_GPIO_PRT0_BASE */
 299:.\Generated_Source\PSoC4/cyfitter_cfg.c **** 	CY_SET_XTND_REG32((void CYFAR *)(CYREG_GPIO_PRT0_PC), 0x00D80000u);
 453              		.loc 1 299 0
 454 01bc 1E4B     		ldr	r3, .L13+40
 455 01be D822     		mov	r2, #216
 456 01c0 1204     		lsl	r2, r2, #16
 457 01c2 1A60     		str	r2, [r3]
 300:.\Generated_Source\PSoC4/cyfitter_cfg.c **** 
 301:.\Generated_Source\PSoC4/cyfitter_cfg.c **** 	/* IOPINS0_1 Starting address: CYDEV_GPIO_PRT1_BASE */
 302:.\Generated_Source\PSoC4/cyfitter_cfg.c **** 	CY_SET_XTND_REG32((void CYFAR *)(CYDEV_GPIO_PRT1_BASE), 0x00000020u);
 458              		.loc 1 302 0
 459 01c4 1D4B     		ldr	r3, .L13+44
 460 01c6 2022     		mov	r2, #32
 461 01c8 1A60     		str	r2, [r3]
 303:.\Generated_Source\PSoC4/cyfitter_cfg.c **** 	CY_SET_XTND_REG32((void CYFAR *)(CYREG_GPIO_PRT1_PC), 0x00031000u);
 462              		.loc 1 303 0
 463 01ca 1D4B     		ldr	r3, .L13+48
 464 01cc C422     		mov	r2, #196
 465 01ce 9202     		lsl	r2, r2, #10
 466 01d0 1A60     		str	r2, [r3]
 304:.\Generated_Source\PSoC4/cyfitter_cfg.c **** 	CY_SET_XTND_REG32((void CYFAR *)(CYREG_GPIO_PRT1_PC2), 0x00000020u);
 467              		.loc 1 304 0
 468 01d2 1C4B     		ldr	r3, .L13+52
 469 01d4 2022     		mov	r2, #32
 470 01d6 1A60     		str	r2, [r3]
 305:.\Generated_Source\PSoC4/cyfitter_cfg.c **** 
 306:.\Generated_Source\PSoC4/cyfitter_cfg.c **** 	/* IOPINS0_2 Starting address: CYDEV_GPIO_PRT2_BASE */
 307:.\Generated_Source\PSoC4/cyfitter_cfg.c **** 	CY_SET_XTND_REG32((void CYFAR *)(CYDEV_GPIO_PRT2_BASE), 0x000000C0u);
 471              		.loc 1 307 0
 472 01d8 1B4B     		ldr	r3, .L13+56
 473 01da C022     		mov	r2, #192
 474 01dc 1A60     		str	r2, [r3]
 308:.\Generated_Source\PSoC4/cyfitter_cfg.c **** 	CY_SET_XTND_REG32((void CYFAR *)(CYREG_GPIO_PRT2_PC), 0x00580000u);
 475              		.loc 1 308 0
 476 01de 1B4B     		ldr	r3, .L13+60
 477 01e0 B022     		mov	r2, #176
 478 01e2 D203     		lsl	r2, r2, #15
 479 01e4 1A60     		str	r2, [r3]
 309:.\Generated_Source\PSoC4/cyfitter_cfg.c **** 	CY_SET_XTND_REG32((void CYFAR *)(CYREG_GPIO_PRT2_INTR_CFG), 0x00008000u);
 480              		.loc 1 309 0
 481 01e6 1A4B     		ldr	r3, .L13+64
 482 01e8 8022     		mov	r2, #128
 483 01ea 1202     		lsl	r2, r2, #8
 484 01ec 1A60     		str	r2, [r3]
 310:.\Generated_Source\PSoC4/cyfitter_cfg.c **** 
 311:.\Generated_Source\PSoC4/cyfitter_cfg.c **** 	/* IOPINS0_3 Starting address: CYDEV_GPIO_PRT3_BASE */
 312:.\Generated_Source\PSoC4/cyfitter_cfg.c **** 	CY_SET_XTND_REG32((void CYFAR *)(CYDEV_GPIO_PRT3_BASE), 0x000000C1u);
ARM GAS  C:\Users\Herry\AppData\Local\Temp\ccoeVbeh.s 			page 15


 485              		.loc 1 312 0
 486 01ee 194B     		ldr	r3, .L13+68
 487 01f0 C122     		mov	r2, #193
 488 01f2 1A60     		str	r2, [r3]
 313:.\Generated_Source\PSoC4/cyfitter_cfg.c **** 	CY_SET_XTND_REG32((void CYFAR *)(CYREG_GPIO_PRT3_PC), 0x00D80000u);
 489              		.loc 1 313 0
 490 01f4 184B     		ldr	r3, .L13+72
 491 01f6 D822     		mov	r2, #216
 492 01f8 1204     		lsl	r2, r2, #16
 493 01fa 1A60     		str	r2, [r3]
 314:.\Generated_Source\PSoC4/cyfitter_cfg.c **** 	CY_SET_XTND_REG32((void CYFAR *)(CYREG_GPIO_PRT3_PC2), 0x00000001u);
 494              		.loc 1 314 0
 495 01fc 174B     		ldr	r3, .L13+76
 496 01fe 0122     		mov	r2, #1
 497 0200 1A60     		str	r2, [r3]
 315:.\Generated_Source\PSoC4/cyfitter_cfg.c **** 
 316:.\Generated_Source\PSoC4/cyfitter_cfg.c **** 
 317:.\Generated_Source\PSoC4/cyfitter_cfg.c **** 	/* Setup clocks based on selections from Clock DWR */
 318:.\Generated_Source\PSoC4/cyfitter_cfg.c **** 	ClockSetup();
 498              		.loc 1 318 0
 499 0202 FFF7FDFE 		bl	ClockSetup
 319:.\Generated_Source\PSoC4/cyfitter_cfg.c **** 
 320:.\Generated_Source\PSoC4/cyfitter_cfg.c **** 	/* Perform basic analog initialization to defaults */
 321:.\Generated_Source\PSoC4/cyfitter_cfg.c **** 	AnalogSetDefault();
 500              		.loc 1 321 0
 501 0206 FFF7FEFF 		bl	AnalogSetDefault
 322:.\Generated_Source\PSoC4/cyfitter_cfg.c **** 
 323:.\Generated_Source\PSoC4/cyfitter_cfg.c **** }
 502              		.loc 1 323 0
 503 020a BD46     		mov	sp, r7
 504 020c 02B0     		add	sp, sp, #8
 505              		@ sp needed
 506 020e 80BD     		pop	{r7, pc}
 507              	.L14:
 508              		.align	2
 509              	.L13:
 510 0210 6CF02E40 		.word	1076818028
 511 0214 00000000 		.word	cfg_memset_list.4758
 512 0218 00000240 		.word	1073872896
 513 021c 00010240 		.word	1073873152
 514 0220 00500F40 		.word	1074745344
 515 0224 10500F40 		.word	1074745360
 516 0228 20500F40 		.word	1074745376
 517 022c 30500F40 		.word	1074745392
 518 0230 00700F40 		.word	1074753536
 519 0234 01700F40 		.word	1074753537
 520 0238 08000440 		.word	1074003976
 521 023c 00010440 		.word	1074004224
 522 0240 08010440 		.word	1074004232
 523 0244 18010440 		.word	1074004248
 524 0248 00020440 		.word	1074004480
 525 024c 08020440 		.word	1074004488
 526 0250 0C020440 		.word	1074004492
 527 0254 00030440 		.word	1074004736
 528 0258 08030440 		.word	1074004744
 529 025c 18030440 		.word	1074004760
 530              		.cfi_endproc
ARM GAS  C:\Users\Herry\AppData\Local\Temp\ccoeVbeh.s 			page 16


 531              	.LFE7:
 532              		.size	cyfitter_cfg, .-cyfitter_cfg
 533              		.section	.rodata
 534              		.align	2
 535              		.type	cfg_memset_list.4758, %object
 536              		.size	cfg_memset_list.4758, 12
 537              	cfg_memset_list.4758:
 538 0000 00300F40 		.word	1074737152
 539 0004 0004     		.short	1024
 540 0006 00400F40 		.4byte	1074741248
 541 000a 0004     		.short	1024
 542              		.text
 543              	.Letext0:
 544              		.file 2 "c:\\program files (x86)\\cypress\\psoc creator\\3.3\\psoc creator\\import\\gnu\\arm\\4.9.
 545              		.file 3 ".\\Generated_Source\\PSoC4\\cytypes.h"
 546              		.section	.debug_info,"",%progbits
 547              	.Ldebug_info0:
 548 0000 4A020000 		.4byte	0x24a
 549 0004 0400     		.2byte	0x4
 550 0006 00000000 		.4byte	.Ldebug_abbrev0
 551 000a 04       		.byte	0x4
 552 000b 01       		.uleb128 0x1
 553 000c DE000000 		.4byte	.LASF29
 554 0010 01       		.byte	0x1
 555 0011 B3010000 		.4byte	.LASF30
 556 0015 83000000 		.4byte	.LASF31
 557 0019 00000000 		.4byte	.Ldebug_ranges0+0
 558 001d 00000000 		.4byte	0
 559 0021 00000000 		.4byte	.Ldebug_line0
 560 0025 02       		.uleb128 0x2
 561 0026 04       		.byte	0x4
 562 0027 05       		.byte	0x5
 563 0028 696E7400 		.ascii	"int\000"
 564 002c 03       		.uleb128 0x3
 565 002d 06000000 		.4byte	.LASF11
 566 0031 02       		.byte	0x2
 567 0032 D4       		.byte	0xd4
 568 0033 37000000 		.4byte	0x37
 569 0037 04       		.uleb128 0x4
 570 0038 04       		.byte	0x4
 571 0039 07       		.byte	0x7
 572 003a 7A010000 		.4byte	.LASF0
 573 003e 04       		.uleb128 0x4
 574 003f 01       		.byte	0x1
 575 0040 06       		.byte	0x6
 576 0041 0A020000 		.4byte	.LASF1
 577 0045 04       		.uleb128 0x4
 578 0046 01       		.byte	0x1
 579 0047 08       		.byte	0x8
 580 0048 BC000000 		.4byte	.LASF2
 581 004c 04       		.uleb128 0x4
 582 004d 02       		.byte	0x2
 583 004e 05       		.byte	0x5
 584 004f F7010000 		.4byte	.LASF3
 585 0053 04       		.uleb128 0x4
 586 0054 02       		.byte	0x2
 587 0055 07       		.byte	0x7
ARM GAS  C:\Users\Herry\AppData\Local\Temp\ccoeVbeh.s 			page 17


 588 0056 39000000 		.4byte	.LASF4
 589 005a 04       		.uleb128 0x4
 590 005b 04       		.byte	0x4
 591 005c 05       		.byte	0x5
 592 005d 01020000 		.4byte	.LASF5
 593 0061 04       		.uleb128 0x4
 594 0062 04       		.byte	0x4
 595 0063 07       		.byte	0x7
 596 0064 61000000 		.4byte	.LASF6
 597 0068 04       		.uleb128 0x4
 598 0069 08       		.byte	0x8
 599 006a 05       		.byte	0x5
 600 006b E4010000 		.4byte	.LASF7
 601 006f 04       		.uleb128 0x4
 602 0070 08       		.byte	0x8
 603 0071 07       		.byte	0x7
 604 0072 8F010000 		.4byte	.LASF8
 605 0076 04       		.uleb128 0x4
 606 0077 04       		.byte	0x4
 607 0078 07       		.byte	0x7
 608 0079 DB010000 		.4byte	.LASF9
 609 007d 05       		.uleb128 0x5
 610 007e 04       		.byte	0x4
 611 007f 04       		.uleb128 0x4
 612 0080 01       		.byte	0x1
 613 0081 08       		.byte	0x8
 614 0082 F2010000 		.4byte	.LASF10
 615 0086 06       		.uleb128 0x6
 616 0087 73000000 		.4byte	.LASF12
 617 008b 03       		.byte	0x3
 618 008c 9801     		.2byte	0x198
 619 008e 45000000 		.4byte	0x45
 620 0092 06       		.uleb128 0x6
 621 0093 6C010000 		.4byte	.LASF13
 622 0097 03       		.byte	0x3
 623 0098 9901     		.2byte	0x199
 624 009a 53000000 		.4byte	0x53
 625 009e 06       		.uleb128 0x6
 626 009f 73010000 		.4byte	.LASF14
 627 00a3 03       		.byte	0x3
 628 00a4 9A01     		.2byte	0x19a
 629 00a6 61000000 		.4byte	0x61
 630 00aa 04       		.uleb128 0x4
 631 00ab 04       		.byte	0x4
 632 00ac 04       		.byte	0x4
 633 00ad 4C000000 		.4byte	.LASF15
 634 00b1 04       		.uleb128 0x4
 635 00b2 08       		.byte	0x8
 636 00b3 04       		.byte	0x4
 637 00b4 CA000000 		.4byte	.LASF16
 638 00b8 06       		.uleb128 0x6
 639 00b9 5C000000 		.4byte	.LASF17
 640 00bd 03       		.byte	0x3
 641 00be 4202     		.2byte	0x242
 642 00c0 C4000000 		.4byte	0xc4
 643 00c4 07       		.uleb128 0x7
 644 00c5 86000000 		.4byte	0x86
ARM GAS  C:\Users\Herry\AppData\Local\Temp\ccoeVbeh.s 			page 18


 645 00c9 06       		.uleb128 0x6
 646 00ca 00000000 		.4byte	.LASF18
 647 00ce 03       		.byte	0x3
 648 00cf 4402     		.2byte	0x244
 649 00d1 D5000000 		.4byte	0xd5
 650 00d5 07       		.uleb128 0x7
 651 00d6 9E000000 		.4byte	0x9e
 652 00da 08       		.uleb128 0x8
 653 00db 79000000 		.4byte	.LASF19
 654 00df 01       		.byte	0x1
 655 00e0 3C       		.byte	0x3c
 656 00e1 00000000 		.4byte	.LFB2
 657 00e5 1E000000 		.4byte	.LFE2-.LFB2
 658 00e9 01       		.uleb128 0x1
 659 00ea 9C       		.byte	0x9c
 660 00eb 08010000 		.4byte	0x108
 661 00ef 09       		.uleb128 0x9
 662 00f0 7300     		.ascii	"s\000"
 663 00f2 01       		.byte	0x1
 664 00f3 3C       		.byte	0x3c
 665 00f4 7D000000 		.4byte	0x7d
 666 00f8 02       		.uleb128 0x2
 667 00f9 91       		.byte	0x91
 668 00fa 74       		.sleb128 -12
 669 00fb 09       		.uleb128 0x9
 670 00fc 6E00     		.ascii	"n\000"
 671 00fe 01       		.byte	0x1
 672 00ff 3C       		.byte	0x3c
 673 0100 2C000000 		.4byte	0x2c
 674 0104 02       		.uleb128 0x2
 675 0105 91       		.byte	0x91
 676 0106 70       		.sleb128 -16
 677 0107 00       		.byte	0
 678 0108 08       		.uleb128 0x8
 679 0109 26020000 		.4byte	.LASF20
 680 010d 01       		.byte	0x1
 681 010e 43       		.byte	0x43
 682 010f 00000000 		.4byte	.LFB3
 683 0113 22000000 		.4byte	.LFE3-.LFB3
 684 0117 01       		.uleb128 0x1
 685 0118 9C       		.byte	0x9c
 686 0119 46010000 		.4byte	0x146
 687 011d 0A       		.uleb128 0xa
 688 011e 52000000 		.4byte	.LASF21
 689 0122 01       		.byte	0x1
 690 0123 43       		.byte	0x43
 691 0124 7D000000 		.4byte	0x7d
 692 0128 02       		.uleb128 0x2
 693 0129 91       		.byte	0x91
 694 012a 74       		.sleb128 -12
 695 012b 09       		.uleb128 0x9
 696 012c 73726300 		.ascii	"src\000"
 697 0130 01       		.byte	0x1
 698 0131 43       		.byte	0x43
 699 0132 46010000 		.4byte	0x146
 700 0136 02       		.uleb128 0x2
 701 0137 91       		.byte	0x91
ARM GAS  C:\Users\Herry\AppData\Local\Temp\ccoeVbeh.s 			page 19


 702 0138 70       		.sleb128 -16
 703 0139 09       		.uleb128 0x9
 704 013a 6E00     		.ascii	"n\000"
 705 013c 01       		.byte	0x1
 706 013d 43       		.byte	0x43
 707 013e 2C000000 		.4byte	0x2c
 708 0142 02       		.uleb128 0x2
 709 0143 91       		.byte	0x91
 710 0144 6C       		.sleb128 -20
 711 0145 00       		.byte	0
 712 0146 0B       		.uleb128 0xb
 713 0147 04       		.byte	0x4
 714 0148 4C010000 		.4byte	0x14c
 715 014c 0C       		.uleb128 0xc
 716 014d 08       		.uleb128 0x8
 717 014e 16020000 		.4byte	.LASF22
 718 0152 01       		.byte	0x1
 719 0153 4A       		.byte	0x4a
 720 0154 00000000 		.4byte	.LFB4
 721 0158 22000000 		.4byte	.LFE4-.LFB4
 722 015c 01       		.uleb128 0x1
 723 015d 9C       		.byte	0x9c
 724 015e 8B010000 		.4byte	0x18b
 725 0162 0A       		.uleb128 0xa
 726 0163 52000000 		.4byte	.LASF21
 727 0167 01       		.byte	0x1
 728 0168 4A       		.byte	0x4a
 729 0169 7D000000 		.4byte	0x7d
 730 016d 02       		.uleb128 0x2
 731 016e 91       		.byte	0x91
 732 016f 74       		.sleb128 -12
 733 0170 09       		.uleb128 0x9
 734 0171 73726300 		.ascii	"src\000"
 735 0175 01       		.byte	0x1
 736 0176 4A       		.byte	0x4a
 737 0177 46010000 		.4byte	0x146
 738 017b 02       		.uleb128 0x2
 739 017c 91       		.byte	0x91
 740 017d 70       		.sleb128 -16
 741 017e 09       		.uleb128 0x9
 742 017f 6E00     		.ascii	"n\000"
 743 0181 01       		.byte	0x1
 744 0182 4A       		.byte	0x4a
 745 0183 2C000000 		.4byte	0x2c
 746 0187 02       		.uleb128 0x2
 747 0188 91       		.byte	0x91
 748 0189 6C       		.sleb128 -20
 749 018a 00       		.byte	0
 750 018b 0D       		.uleb128 0xd
 751 018c 2E000000 		.4byte	.LASF23
 752 0190 01       		.byte	0x1
 753 0191 91       		.byte	0x91
 754 0192 00000000 		.4byte	.LFB5
 755 0196 F0000000 		.4byte	.LFE5-.LFB5
 756 019a 01       		.uleb128 0x1
 757 019b 9C       		.byte	0x9c
 758 019c 0E       		.uleb128 0xe
ARM GAS  C:\Users\Herry\AppData\Local\Temp\ccoeVbeh.s 			page 20


 759 019d 0D000000 		.4byte	.LASF24
 760 01a1 01       		.byte	0x1
 761 01a2 D7       		.byte	0xd7
 762 01a3 00000000 		.4byte	.LFB6
 763 01a7 3C000000 		.4byte	.LFE6-.LFB6
 764 01ab 01       		.uleb128 0x1
 765 01ac 9C       		.byte	0x9c
 766 01ad 0F       		.uleb128 0xf
 767 01ae D1000000 		.4byte	.LASF32
 768 01b2 01       		.byte	0x1
 769 01b3 F4       		.byte	0xf4
 770 01b4 F0000000 		.4byte	.LFB7
 771 01b8 70010000 		.4byte	.LFE7-.LFB7
 772 01bc 01       		.uleb128 0x1
 773 01bd 9C       		.byte	0x9c
 774 01be 10       		.uleb128 0x10
 775 01bf FE000000 		.4byte	.LBB2
 776 01c3 BE000000 		.4byte	.LBE2-.LBB2
 777 01c7 11       		.uleb128 0x11
 778 01c8 06       		.byte	0x6
 779 01c9 01       		.byte	0x1
 780 01ca FD       		.byte	0xfd
 781 01cb E8010000 		.4byte	0x1e8
 782 01cf 12       		.uleb128 0x12
 783 01d0 87010000 		.4byte	.LASF25
 784 01d4 01       		.byte	0x1
 785 01d5 FE       		.byte	0xfe
 786 01d6 7D000000 		.4byte	0x7d
 787 01da 00       		.byte	0
 788 01db 12       		.uleb128 0x12
 789 01dc 57000000 		.4byte	.LASF26
 790 01e0 01       		.byte	0x1
 791 01e1 FF       		.byte	0xff
 792 01e2 92000000 		.4byte	0x92
 793 01e6 04       		.byte	0x4
 794 01e7 00       		.byte	0
 795 01e8 06       		.uleb128 0x6
 796 01e9 A6010000 		.4byte	.LASF27
 797 01ed 01       		.byte	0x1
 798 01ee 0001     		.2byte	0x100
 799 01f0 C7010000 		.4byte	0x1c7
 800 01f4 13       		.uleb128 0x13
 801 01f5 E8010000 		.4byte	0x1e8
 802 01f9 04020000 		.4byte	0x204
 803 01fd 14       		.uleb128 0x14
 804 01fe 76000000 		.4byte	0x76
 805 0202 01       		.byte	0x1
 806 0203 00       		.byte	0
 807 0204 15       		.uleb128 0x15
 808 0205 1E000000 		.4byte	.LASF28
 809 0209 01       		.byte	0x1
 810 020a 0201     		.2byte	0x102
 811 020c 16020000 		.4byte	0x216
 812 0210 05       		.uleb128 0x5
 813 0211 03       		.byte	0x3
 814 0212 00000000 		.4byte	cfg_memset_list.4758
 815 0216 16       		.uleb128 0x16
ARM GAS  C:\Users\Herry\AppData\Local\Temp\ccoeVbeh.s 			page 21


 816 0217 F4010000 		.4byte	0x1f4
 817 021b 17       		.uleb128 0x17
 818 021c 6900     		.ascii	"i\000"
 819 021e 01       		.byte	0x1
 820 021f 0801     		.2byte	0x108
 821 0221 86000000 		.4byte	0x86
 822 0225 02       		.uleb128 0x2
 823 0226 91       		.byte	0x91
 824 0227 77       		.sleb128 -9
 825 0228 10       		.uleb128 0x10
 826 0229 06010000 		.4byte	.LBB3
 827 022d 3E000000 		.4byte	.LBE3-.LBB3
 828 0231 17       		.uleb128 0x17
 829 0232 6D7300   		.ascii	"ms\000"
 830 0235 01       		.byte	0x1
 831 0236 0D01     		.2byte	0x10d
 832 0238 3F020000 		.4byte	0x23f
 833 023c 02       		.uleb128 0x2
 834 023d 91       		.byte	0x91
 835 023e 70       		.sleb128 -16
 836 023f 0B       		.uleb128 0xb
 837 0240 04       		.byte	0x4
 838 0241 45020000 		.4byte	0x245
 839 0245 16       		.uleb128 0x16
 840 0246 E8010000 		.4byte	0x1e8
 841 024a 00       		.byte	0
 842 024b 00       		.byte	0
 843 024c 00       		.byte	0
 844 024d 00       		.byte	0
 845              		.section	.debug_abbrev,"",%progbits
 846              	.Ldebug_abbrev0:
 847 0000 01       		.uleb128 0x1
 848 0001 11       		.uleb128 0x11
 849 0002 01       		.byte	0x1
 850 0003 25       		.uleb128 0x25
 851 0004 0E       		.uleb128 0xe
 852 0005 13       		.uleb128 0x13
 853 0006 0B       		.uleb128 0xb
 854 0007 03       		.uleb128 0x3
 855 0008 0E       		.uleb128 0xe
 856 0009 1B       		.uleb128 0x1b
 857 000a 0E       		.uleb128 0xe
 858 000b 55       		.uleb128 0x55
 859 000c 17       		.uleb128 0x17
 860 000d 11       		.uleb128 0x11
 861 000e 01       		.uleb128 0x1
 862 000f 10       		.uleb128 0x10
 863 0010 17       		.uleb128 0x17
 864 0011 00       		.byte	0
 865 0012 00       		.byte	0
 866 0013 02       		.uleb128 0x2
 867 0014 24       		.uleb128 0x24
 868 0015 00       		.byte	0
 869 0016 0B       		.uleb128 0xb
 870 0017 0B       		.uleb128 0xb
 871 0018 3E       		.uleb128 0x3e
 872 0019 0B       		.uleb128 0xb
ARM GAS  C:\Users\Herry\AppData\Local\Temp\ccoeVbeh.s 			page 22


 873 001a 03       		.uleb128 0x3
 874 001b 08       		.uleb128 0x8
 875 001c 00       		.byte	0
 876 001d 00       		.byte	0
 877 001e 03       		.uleb128 0x3
 878 001f 16       		.uleb128 0x16
 879 0020 00       		.byte	0
 880 0021 03       		.uleb128 0x3
 881 0022 0E       		.uleb128 0xe
 882 0023 3A       		.uleb128 0x3a
 883 0024 0B       		.uleb128 0xb
 884 0025 3B       		.uleb128 0x3b
 885 0026 0B       		.uleb128 0xb
 886 0027 49       		.uleb128 0x49
 887 0028 13       		.uleb128 0x13
 888 0029 00       		.byte	0
 889 002a 00       		.byte	0
 890 002b 04       		.uleb128 0x4
 891 002c 24       		.uleb128 0x24
 892 002d 00       		.byte	0
 893 002e 0B       		.uleb128 0xb
 894 002f 0B       		.uleb128 0xb
 895 0030 3E       		.uleb128 0x3e
 896 0031 0B       		.uleb128 0xb
 897 0032 03       		.uleb128 0x3
 898 0033 0E       		.uleb128 0xe
 899 0034 00       		.byte	0
 900 0035 00       		.byte	0
 901 0036 05       		.uleb128 0x5
 902 0037 0F       		.uleb128 0xf
 903 0038 00       		.byte	0
 904 0039 0B       		.uleb128 0xb
 905 003a 0B       		.uleb128 0xb
 906 003b 00       		.byte	0
 907 003c 00       		.byte	0
 908 003d 06       		.uleb128 0x6
 909 003e 16       		.uleb128 0x16
 910 003f 00       		.byte	0
 911 0040 03       		.uleb128 0x3
 912 0041 0E       		.uleb128 0xe
 913 0042 3A       		.uleb128 0x3a
 914 0043 0B       		.uleb128 0xb
 915 0044 3B       		.uleb128 0x3b
 916 0045 05       		.uleb128 0x5
 917 0046 49       		.uleb128 0x49
 918 0047 13       		.uleb128 0x13
 919 0048 00       		.byte	0
 920 0049 00       		.byte	0
 921 004a 07       		.uleb128 0x7
 922 004b 35       		.uleb128 0x35
 923 004c 00       		.byte	0
 924 004d 49       		.uleb128 0x49
 925 004e 13       		.uleb128 0x13
 926 004f 00       		.byte	0
 927 0050 00       		.byte	0
 928 0051 08       		.uleb128 0x8
 929 0052 2E       		.uleb128 0x2e
ARM GAS  C:\Users\Herry\AppData\Local\Temp\ccoeVbeh.s 			page 23


 930 0053 01       		.byte	0x1
 931 0054 03       		.uleb128 0x3
 932 0055 0E       		.uleb128 0xe
 933 0056 3A       		.uleb128 0x3a
 934 0057 0B       		.uleb128 0xb
 935 0058 3B       		.uleb128 0x3b
 936 0059 0B       		.uleb128 0xb
 937 005a 27       		.uleb128 0x27
 938 005b 19       		.uleb128 0x19
 939 005c 11       		.uleb128 0x11
 940 005d 01       		.uleb128 0x1
 941 005e 12       		.uleb128 0x12
 942 005f 06       		.uleb128 0x6
 943 0060 40       		.uleb128 0x40
 944 0061 18       		.uleb128 0x18
 945 0062 9642     		.uleb128 0x2116
 946 0064 19       		.uleb128 0x19
 947 0065 01       		.uleb128 0x1
 948 0066 13       		.uleb128 0x13
 949 0067 00       		.byte	0
 950 0068 00       		.byte	0
 951 0069 09       		.uleb128 0x9
 952 006a 05       		.uleb128 0x5
 953 006b 00       		.byte	0
 954 006c 03       		.uleb128 0x3
 955 006d 08       		.uleb128 0x8
 956 006e 3A       		.uleb128 0x3a
 957 006f 0B       		.uleb128 0xb
 958 0070 3B       		.uleb128 0x3b
 959 0071 0B       		.uleb128 0xb
 960 0072 49       		.uleb128 0x49
 961 0073 13       		.uleb128 0x13
 962 0074 02       		.uleb128 0x2
 963 0075 18       		.uleb128 0x18
 964 0076 00       		.byte	0
 965 0077 00       		.byte	0
 966 0078 0A       		.uleb128 0xa
 967 0079 05       		.uleb128 0x5
 968 007a 00       		.byte	0
 969 007b 03       		.uleb128 0x3
 970 007c 0E       		.uleb128 0xe
 971 007d 3A       		.uleb128 0x3a
 972 007e 0B       		.uleb128 0xb
 973 007f 3B       		.uleb128 0x3b
 974 0080 0B       		.uleb128 0xb
 975 0081 49       		.uleb128 0x49
 976 0082 13       		.uleb128 0x13
 977 0083 02       		.uleb128 0x2
 978 0084 18       		.uleb128 0x18
 979 0085 00       		.byte	0
 980 0086 00       		.byte	0
 981 0087 0B       		.uleb128 0xb
 982 0088 0F       		.uleb128 0xf
 983 0089 00       		.byte	0
 984 008a 0B       		.uleb128 0xb
 985 008b 0B       		.uleb128 0xb
 986 008c 49       		.uleb128 0x49
ARM GAS  C:\Users\Herry\AppData\Local\Temp\ccoeVbeh.s 			page 24


 987 008d 13       		.uleb128 0x13
 988 008e 00       		.byte	0
 989 008f 00       		.byte	0
 990 0090 0C       		.uleb128 0xc
 991 0091 26       		.uleb128 0x26
 992 0092 00       		.byte	0
 993 0093 00       		.byte	0
 994 0094 00       		.byte	0
 995 0095 0D       		.uleb128 0xd
 996 0096 2E       		.uleb128 0x2e
 997 0097 00       		.byte	0
 998 0098 03       		.uleb128 0x3
 999 0099 0E       		.uleb128 0xe
 1000 009a 3A       		.uleb128 0x3a
 1001 009b 0B       		.uleb128 0xb
 1002 009c 3B       		.uleb128 0x3b
 1003 009d 0B       		.uleb128 0xb
 1004 009e 27       		.uleb128 0x27
 1005 009f 19       		.uleb128 0x19
 1006 00a0 11       		.uleb128 0x11
 1007 00a1 01       		.uleb128 0x1
 1008 00a2 12       		.uleb128 0x12
 1009 00a3 06       		.uleb128 0x6
 1010 00a4 40       		.uleb128 0x40
 1011 00a5 18       		.uleb128 0x18
 1012 00a6 9642     		.uleb128 0x2116
 1013 00a8 19       		.uleb128 0x19
 1014 00a9 00       		.byte	0
 1015 00aa 00       		.byte	0
 1016 00ab 0E       		.uleb128 0xe
 1017 00ac 2E       		.uleb128 0x2e
 1018 00ad 00       		.byte	0
 1019 00ae 03       		.uleb128 0x3
 1020 00af 0E       		.uleb128 0xe
 1021 00b0 3A       		.uleb128 0x3a
 1022 00b1 0B       		.uleb128 0xb
 1023 00b2 3B       		.uleb128 0x3b
 1024 00b3 0B       		.uleb128 0xb
 1025 00b4 27       		.uleb128 0x27
 1026 00b5 19       		.uleb128 0x19
 1027 00b6 11       		.uleb128 0x11
 1028 00b7 01       		.uleb128 0x1
 1029 00b8 12       		.uleb128 0x12
 1030 00b9 06       		.uleb128 0x6
 1031 00ba 40       		.uleb128 0x40
 1032 00bb 18       		.uleb128 0x18
 1033 00bc 9742     		.uleb128 0x2117
 1034 00be 19       		.uleb128 0x19
 1035 00bf 00       		.byte	0
 1036 00c0 00       		.byte	0
 1037 00c1 0F       		.uleb128 0xf
 1038 00c2 2E       		.uleb128 0x2e
 1039 00c3 01       		.byte	0x1
 1040 00c4 3F       		.uleb128 0x3f
 1041 00c5 19       		.uleb128 0x19
 1042 00c6 03       		.uleb128 0x3
 1043 00c7 0E       		.uleb128 0xe
ARM GAS  C:\Users\Herry\AppData\Local\Temp\ccoeVbeh.s 			page 25


 1044 00c8 3A       		.uleb128 0x3a
 1045 00c9 0B       		.uleb128 0xb
 1046 00ca 3B       		.uleb128 0x3b
 1047 00cb 0B       		.uleb128 0xb
 1048 00cc 27       		.uleb128 0x27
 1049 00cd 19       		.uleb128 0x19
 1050 00ce 11       		.uleb128 0x11
 1051 00cf 01       		.uleb128 0x1
 1052 00d0 12       		.uleb128 0x12
 1053 00d1 06       		.uleb128 0x6
 1054 00d2 40       		.uleb128 0x40
 1055 00d3 18       		.uleb128 0x18
 1056 00d4 9642     		.uleb128 0x2116
 1057 00d6 19       		.uleb128 0x19
 1058 00d7 00       		.byte	0
 1059 00d8 00       		.byte	0
 1060 00d9 10       		.uleb128 0x10
 1061 00da 0B       		.uleb128 0xb
 1062 00db 01       		.byte	0x1
 1063 00dc 11       		.uleb128 0x11
 1064 00dd 01       		.uleb128 0x1
 1065 00de 12       		.uleb128 0x12
 1066 00df 06       		.uleb128 0x6
 1067 00e0 00       		.byte	0
 1068 00e1 00       		.byte	0
 1069 00e2 11       		.uleb128 0x11
 1070 00e3 13       		.uleb128 0x13
 1071 00e4 01       		.byte	0x1
 1072 00e5 0B       		.uleb128 0xb
 1073 00e6 0B       		.uleb128 0xb
 1074 00e7 3A       		.uleb128 0x3a
 1075 00e8 0B       		.uleb128 0xb
 1076 00e9 3B       		.uleb128 0x3b
 1077 00ea 0B       		.uleb128 0xb
 1078 00eb 01       		.uleb128 0x1
 1079 00ec 13       		.uleb128 0x13
 1080 00ed 00       		.byte	0
 1081 00ee 00       		.byte	0
 1082 00ef 12       		.uleb128 0x12
 1083 00f0 0D       		.uleb128 0xd
 1084 00f1 00       		.byte	0
 1085 00f2 03       		.uleb128 0x3
 1086 00f3 0E       		.uleb128 0xe
 1087 00f4 3A       		.uleb128 0x3a
 1088 00f5 0B       		.uleb128 0xb
 1089 00f6 3B       		.uleb128 0x3b
 1090 00f7 0B       		.uleb128 0xb
 1091 00f8 49       		.uleb128 0x49
 1092 00f9 13       		.uleb128 0x13
 1093 00fa 38       		.uleb128 0x38
 1094 00fb 0B       		.uleb128 0xb
 1095 00fc 00       		.byte	0
 1096 00fd 00       		.byte	0
 1097 00fe 13       		.uleb128 0x13
 1098 00ff 01       		.uleb128 0x1
 1099 0100 01       		.byte	0x1
 1100 0101 49       		.uleb128 0x49
ARM GAS  C:\Users\Herry\AppData\Local\Temp\ccoeVbeh.s 			page 26


 1101 0102 13       		.uleb128 0x13
 1102 0103 01       		.uleb128 0x1
 1103 0104 13       		.uleb128 0x13
 1104 0105 00       		.byte	0
 1105 0106 00       		.byte	0
 1106 0107 14       		.uleb128 0x14
 1107 0108 21       		.uleb128 0x21
 1108 0109 00       		.byte	0
 1109 010a 49       		.uleb128 0x49
 1110 010b 13       		.uleb128 0x13
 1111 010c 2F       		.uleb128 0x2f
 1112 010d 0B       		.uleb128 0xb
 1113 010e 00       		.byte	0
 1114 010f 00       		.byte	0
 1115 0110 15       		.uleb128 0x15
 1116 0111 34       		.uleb128 0x34
 1117 0112 00       		.byte	0
 1118 0113 03       		.uleb128 0x3
 1119 0114 0E       		.uleb128 0xe
 1120 0115 3A       		.uleb128 0x3a
 1121 0116 0B       		.uleb128 0xb
 1122 0117 3B       		.uleb128 0x3b
 1123 0118 05       		.uleb128 0x5
 1124 0119 49       		.uleb128 0x49
 1125 011a 13       		.uleb128 0x13
 1126 011b 02       		.uleb128 0x2
 1127 011c 18       		.uleb128 0x18
 1128 011d 00       		.byte	0
 1129 011e 00       		.byte	0
 1130 011f 16       		.uleb128 0x16
 1131 0120 26       		.uleb128 0x26
 1132 0121 00       		.byte	0
 1133 0122 49       		.uleb128 0x49
 1134 0123 13       		.uleb128 0x13
 1135 0124 00       		.byte	0
 1136 0125 00       		.byte	0
 1137 0126 17       		.uleb128 0x17
 1138 0127 34       		.uleb128 0x34
 1139 0128 00       		.byte	0
 1140 0129 03       		.uleb128 0x3
 1141 012a 08       		.uleb128 0x8
 1142 012b 3A       		.uleb128 0x3a
 1143 012c 0B       		.uleb128 0xb
 1144 012d 3B       		.uleb128 0x3b
 1145 012e 05       		.uleb128 0x5
 1146 012f 49       		.uleb128 0x49
 1147 0130 13       		.uleb128 0x13
 1148 0131 02       		.uleb128 0x2
 1149 0132 18       		.uleb128 0x18
 1150 0133 00       		.byte	0
 1151 0134 00       		.byte	0
 1152 0135 00       		.byte	0
 1153              		.section	.debug_aranges,"",%progbits
 1154 0000 44000000 		.4byte	0x44
 1155 0004 0200     		.2byte	0x2
 1156 0006 00000000 		.4byte	.Ldebug_info0
 1157 000a 04       		.byte	0x4
ARM GAS  C:\Users\Herry\AppData\Local\Temp\ccoeVbeh.s 			page 27


 1158 000b 00       		.byte	0
 1159 000c 0000     		.2byte	0
 1160 000e 0000     		.2byte	0
 1161 0010 00000000 		.4byte	.LFB2
 1162 0014 1E000000 		.4byte	.LFE2-.LFB2
 1163 0018 00000000 		.4byte	.LFB3
 1164 001c 22000000 		.4byte	.LFE3-.LFB3
 1165 0020 00000000 		.4byte	.LFB4
 1166 0024 22000000 		.4byte	.LFE4-.LFB4
 1167 0028 00000000 		.4byte	.LFB5
 1168 002c F0000000 		.4byte	.LFE5-.LFB5
 1169 0030 00000000 		.4byte	.LFB6
 1170 0034 3C000000 		.4byte	.LFE6-.LFB6
 1171 0038 F0000000 		.4byte	.LFB7
 1172 003c 70010000 		.4byte	.LFE7-.LFB7
 1173 0040 00000000 		.4byte	0
 1174 0044 00000000 		.4byte	0
 1175              		.section	.debug_ranges,"",%progbits
 1176              	.Ldebug_ranges0:
 1177 0000 00000000 		.4byte	.LFB2
 1178 0004 1E000000 		.4byte	.LFE2
 1179 0008 00000000 		.4byte	.LFB3
 1180 000c 22000000 		.4byte	.LFE3
 1181 0010 00000000 		.4byte	.LFB4
 1182 0014 22000000 		.4byte	.LFE4
 1183 0018 00000000 		.4byte	.LFB5
 1184 001c F0000000 		.4byte	.LFE5
 1185 0020 00000000 		.4byte	.LFB6
 1186 0024 3C000000 		.4byte	.LFE6
 1187 0028 F0000000 		.4byte	.LFB7
 1188 002c 60020000 		.4byte	.LFE7
 1189 0030 00000000 		.4byte	0
 1190 0034 00000000 		.4byte	0
 1191              		.section	.debug_line,"",%progbits
 1192              	.Ldebug_line0:
 1193 0000 7B010000 		.section	.debug_str,"MS",%progbits,1
 1193      0200CD00 
 1193      00000201 
 1193      FB0E0D00 
 1193      01010101 
 1194              	.LASF18:
 1195 0000 72656733 		.ascii	"reg32\000"
 1195      3200
 1196              	.LASF11:
 1197 0006 73697A65 		.ascii	"size_t\000"
 1197      5F7400
 1198              	.LASF24:
 1199 000d 416E616C 		.ascii	"AnalogSetDefault\000"
 1199      6F675365 
 1199      74446566 
 1199      61756C74 
 1199      00
 1200              	.LASF28:
 1201 001e 6366675F 		.ascii	"cfg_memset_list\000"
 1201      6D656D73 
 1201      65745F6C 
 1201      69737400 
ARM GAS  C:\Users\Herry\AppData\Local\Temp\ccoeVbeh.s 			page 28


 1202              	.LASF23:
 1203 002e 436C6F63 		.ascii	"ClockSetup\000"
 1203      6B536574 
 1203      757000
 1204              	.LASF4:
 1205 0039 73686F72 		.ascii	"short unsigned int\000"
 1205      7420756E 
 1205      7369676E 
 1205      65642069 
 1205      6E7400
 1206              	.LASF15:
 1207 004c 666C6F61 		.ascii	"float\000"
 1207      7400
 1208              	.LASF21:
 1209 0052 64657374 		.ascii	"dest\000"
 1209      00
 1210              	.LASF26:
 1211 0057 73697A65 		.ascii	"size\000"
 1211      00
 1212              	.LASF17:
 1213 005c 72656738 		.ascii	"reg8\000"
 1213      00
 1214              	.LASF6:
 1215 0061 6C6F6E67 		.ascii	"long unsigned int\000"
 1215      20756E73 
 1215      69676E65 
 1215      6420696E 
 1215      7400
 1216              	.LASF12:
 1217 0073 75696E74 		.ascii	"uint8\000"
 1217      3800
 1218              	.LASF19:
 1219 0079 43594D45 		.ascii	"CYMEMZERO\000"
 1219      4D5A4552 
 1219      4F00
 1220              	.LASF31:
 1221 0083 443A5C47 		.ascii	"D:\\GitHub\\CY_BLE_MOUSE\\BLE_HID_Mouse\\BLE_HID_Mo"
 1221      69744875 
 1221      625C4359 
 1221      5F424C45 
 1221      5F4D4F55 
 1222 00b2 7573652E 		.ascii	"use.cydsn\000"
 1222      63796473 
 1222      6E00
 1223              	.LASF2:
 1224 00bc 756E7369 		.ascii	"unsigned char\000"
 1224      676E6564 
 1224      20636861 
 1224      7200
 1225              	.LASF16:
 1226 00ca 646F7562 		.ascii	"double\000"
 1226      6C6500
 1227              	.LASF32:
 1228 00d1 63796669 		.ascii	"cyfitter_cfg\000"
 1228      74746572 
 1228      5F636667 
 1228      00
ARM GAS  C:\Users\Herry\AppData\Local\Temp\ccoeVbeh.s 			page 29


 1229              	.LASF29:
 1230 00de 474E5520 		.ascii	"GNU C 4.9.3 20150303 (release) [ARM/embedded-4_9-br"
 1230      4320342E 
 1230      392E3320 
 1230      32303135 
 1230      30333033 
 1231 0111 616E6368 		.ascii	"anch revision 221220] -mcpu=cortex-m0 -mthumb -g -O"
 1231      20726576 
 1231      6973696F 
 1231      6E203232 
 1231      31323230 
 1232 0144 30202D66 		.ascii	"0 -ffunction-sections -ffat-lto-objects\000"
 1232      66756E63 
 1232      74696F6E 
 1232      2D736563 
 1232      74696F6E 
 1233              	.LASF13:
 1234 016c 75696E74 		.ascii	"uint16\000"
 1234      313600
 1235              	.LASF14:
 1236 0173 75696E74 		.ascii	"uint32\000"
 1236      333200
 1237              	.LASF0:
 1238 017a 756E7369 		.ascii	"unsigned int\000"
 1238      676E6564 
 1238      20696E74 
 1238      00
 1239              	.LASF25:
 1240 0187 61646472 		.ascii	"address\000"
 1240      65737300 
 1241              	.LASF8:
 1242 018f 6C6F6E67 		.ascii	"long long unsigned int\000"
 1242      206C6F6E 
 1242      6720756E 
 1242      7369676E 
 1242      65642069 
 1243              	.LASF27:
 1244 01a6 6366675F 		.ascii	"cfg_memset_t\000"
 1244      6D656D73 
 1244      65745F74 
 1244      00
 1245              	.LASF30:
 1246 01b3 2E5C4765 		.ascii	".\\Generated_Source\\PSoC4\\cyfitter_cfg.c\000"
 1246      6E657261 
 1246      7465645F 
 1246      536F7572 
 1246      63655C50 
 1247              	.LASF9:
 1248 01db 73697A65 		.ascii	"sizetype\000"
 1248      74797065 
 1248      00
 1249              	.LASF7:
 1250 01e4 6C6F6E67 		.ascii	"long long int\000"
 1250      206C6F6E 
 1250      6720696E 
 1250      7400
 1251              	.LASF10:
ARM GAS  C:\Users\Herry\AppData\Local\Temp\ccoeVbeh.s 			page 30


 1252 01f2 63686172 		.ascii	"char\000"
 1252      00
 1253              	.LASF3:
 1254 01f7 73686F72 		.ascii	"short int\000"
 1254      7420696E 
 1254      7400
 1255              	.LASF5:
 1256 0201 6C6F6E67 		.ascii	"long int\000"
 1256      20696E74 
 1256      00
 1257              	.LASF1:
 1258 020a 7369676E 		.ascii	"signed char\000"
 1258      65642063 
 1258      68617200 
 1259              	.LASF22:
 1260 0216 4359434F 		.ascii	"CYCONFIGCPYCODE\000"
 1260      4E464947 
 1260      43505943 
 1260      4F444500 
 1261              	.LASF20:
 1262 0226 4359434F 		.ascii	"CYCONFIGCPY\000"
 1262      4E464947 
 1262      43505900 
 1263              		.ident	"GCC: (GNU Tools for ARM Embedded Processors) 4.9.3 20150303 (release) [ARM/embedded-4_9-br
